#
# A fatal error has been detected by the Java Runtime Environment:
#
#  EXCEPTION_ACCESS_VIOLATION (0xc0000005) at pc=0x00007ffbbd294aa9, pid=6128, tid=5796
#
# JRE version: Java(TM) SE Runtime Environment (12.0+33) (build 12+33)
# Java VM: Java HotSpot(TM) 64-Bit Server VM (12+33, mixed mode, sharing, tiered, compressed oops, g1 gc, windows-amd64)
# Problematic frame:
# V  [jvm.dll+0x3e4aa9]
#
# No core dump will be written. Minidumps are not enabled by default on client versions of Windows
#
# If you would like to submit a bug report, please visit:
#   http://bugreport.java.com/bugreport/crash.jsp
#

---------------  S U M M A R Y ------------

Command Line: -Dfile.encoding=UTF-8 simrskhanza.SIMRSKhanza

Host: Intel(R) Core(TM) i7-7700HQ CPU @ 2.80GHz, 8 cores, 15G,  Windows 10 , 64 bit Build 19041 (10.0.19041.1466)
Time: Thu May 12 11:35:49 2022 SE Asia Standard Time elapsed time: 32 seconds (0d 0h 0m 32s)

---------------  T H R E A D  ---------------

Current thread (0x000001e9349d5000):  JavaThread "JavaFX Application Thread" [_thread_in_vm, id=5796, stack(0x000000b243000000,0x000000b243100000)]

Stack: [0x000000b243000000,0x000000b243100000],  sp=0x000000b2430fdae0,  free space=1014k
Native frames: (J=compiled Java code, j=interpreted, Vv=VM code, C=native code)
V  [jvm.dll+0x3e4aa9]
C  0x00007ffb9badb1b0

Java frames: (J=compiled Java code, j=interpreted, Vv=VM code)
j  com.sun.webkit.WebPage.twkCreatePage(Z)J+0
j  com.sun.webkit.WebPage.<init>(Lcom/sun/webkit/WebPageClient;Lcom/sun/webkit/UIClient;Lcom/sun/webkit/PolicyClient;Lcom/sun/webkit/InspectorClient;Lcom/sun/webkit/ThemeClient;Z)V+177
j  javafx.scene.web.WebEngine.<init>(Ljava/lang/String;Z)V+270
j  javafx.scene.web.WebEngine.<init>()V+3
j  javafx.scene.web.WebView.<init>()V+60
j  bridging.INACBGHybrid$3.run()V+4
j  com.sun.javafx.application.PlatformImpl.lambda$runLater$10(Ljava/lang/Runnable;)Ljava/lang/Void;+1
j  com.sun.javafx.application.PlatformImpl$$Lambda$237.run()Ljava/lang/Object;+4
J 2030 c1 java.security.AccessController.doPrivileged(Ljava/security/PrivilegedAction;Ljava/security/AccessControlContext;)Ljava/lang/Object; java.base@12 (17 bytes) @ 0x000001e91570e204 [0x000001e91570e020+0x00000000000001e4]
j  com.sun.javafx.application.PlatformImpl.lambda$runLater$11(Ljava/lang/Runnable;Ljava/security/AccessControlContext;)V+7
j  com.sun.javafx.application.PlatformImpl$$Lambda$236.run()V+8
j  com.sun.glass.ui.InvokeLaterDispatcher$Future.run()V+4
v  ~StubRoutines::call_stub
j  com.sun.glass.ui.win.WinApplication._runLoop(Ljava/lang/Runnable;)V+0
j  com.sun.glass.ui.win.WinApplication.lambda$runLoop$3(ILjava/lang/Runnable;)V+8
j  com.sun.glass.ui.win.WinApplication$$Lambda$223.run()V+12
j  java.lang.Thread.run()V+11 java.base@12
v  ~StubRoutines::call_stub

siginfo: EXCEPTION_ACCESS_VIOLATION (0xc0000005), reading address 0x0000000000000000


Register to memory mapping:

RIP=0x00007ffbbd294aa9 jvm.dll
RAX=0x0 is NULL
RBX=0x000001e9349d5000 is a thread
RCX=0x1a5f3c4bafbd0000 is an unknown value
RDX=0x0000000000000006 is an unknown value
RSP=0x000000b2430fdae0 is pointing into the stack for thread: 0x000001e9349d5000
RBP=0x000001e934760510 is a global jni handle
RSI=0x000001e932b86f00 points into unknown readable memory: 53 74 72 65 61 6d 52 65
RDI=0x000001e9349d5000 is a thread
R8 =0x0 is NULL
R9 =0x000000b2430fdbe8 is pointing into the stack for thread: 0x000001e9349d5000
R10=0x00007ffbbd294a20 jvm.dll
R11=0x000000b2430fdad8 is pointing into the stack for thread: 0x000001e9349d5000
R12=0x000000b2430fdbe8 is pointing into the stack for thread: 0x000001e9349d5000
R13=0x0 is NULL
R14=0x000001e9349d5330 points into unknown readable memory: e0 1d 8c bd fb 7f 00 00
R15=0x0 is NULL


Registers:
RAX=0x0000000000000000, RBX=0x000001e9349d5000, RCX=0x1a5f3c4bafbd0000, RDX=0x0000000000000006
RSP=0x000000b2430fdae0, RBP=0x000001e934760510, RSI=0x000001e932b86f00, RDI=0x000001e9349d5000
R8 =0x0000000000000000, R9 =0x000000b2430fdbe8, R10=0x00007ffbbd294a20, R11=0x000000b2430fdad8
R12=0x000000b2430fdbe8, R13=0x0000000000000000, R14=0x000001e9349d5330, R15=0x0000000000000000
RIP=0x00007ffbbd294aa9, EFLAGS=0x0000000000010202

Top of Stack: (sp=0x000000b2430fdae0)
0x000000b2430fdae0:   000001e9349d5000 000001e932b86f00
0x000000b2430fdaf0:   0000000000000000 000001e9349d5330
0x000000b2430fdb00:   00007ffb9d2dc500 00007ffc1a0e2690
0x000000b2430fdb10:   00007ffb9f02ab38 000001e932b86f40
0x000000b2430fdb20:   0000000000009b79 00007ffbbcfb9eae
0x000000b2430fdb30:   000001e9349d5000 000001e931dbaeb0
0x000000b2430fdb40:   000001e900000533 00007ffbbd75b338
0x000000b2430fdb50:   000000b2430fe920 00007ffbbd29a999
0x000000b2430fdb60:   000001e9349d5330 000001e9349d5000
0x000000b2430fdb70:   00007ffb244128c7 00007ffb9d2d5a10
0x000000b2430fdb80:   000001e938372b60 00007ffb9f28d238
0x000000b2430fdb90:   0000000000000000 00007ffb9badb1b0
0x000000b2430fdba0:   000001e936c277a8 00007ffb9f23d7f0
0x000000b2430fdbb0:   000001e932b86f40 000001e9349d5330
0x000000b2430fdbc0:   000001e9349d5330 00007ffb9d126725
0x000000b2430fdbd0:   000001e936c277a8 00007ffb9f23d7f0 

Instructions: (pc=0x00007ffbbd294aa9)
0x00007ffbbd294a89:   ff 48 83 7f 08 00 48 89 7c 24 50 48 c7 44 24 58
0x00007ffbbd294a99:   00 00 00 00 74 0a 48 8d 4c 24 50 e8 47 9d 28 00
0x00007ffbbd294aa9:   49 8b 07 48 8d 4c 24 70 c7 44 24 40 04 00 00 00
0x00007ffbbd294ab9:   48 8b 50 08 0f b7 42 2c 48 8b 52 08 48 8b 54 c2 


Stack slot to memory mapping:
stack at sp + 0 slots: 0x000001e9349d5000 is a thread
stack at sp + 1 slots: 0x000001e932b86f00 points into unknown readable memory: 53 74 72 65 61 6d 52 65
stack at sp + 2 slots: 0x0 is NULL
stack at sp + 3 slots: 0x000001e9349d5330 points into unknown readable memory: e0 1d 8c bd fb 7f 00 00
stack at sp + 4 slots: 0x00007ffb9d2dc500 points into unknown readable memory: 28 29 5a 00 00 00 00 00
stack at sp + 5 slots: 0x00007ffc1a0e2690 ucrtbase.dll
stack at sp + 6 slots: 0x00007ffb9f02ab38 points into unknown readable memory: 66 77 6b 49 73 4d 61 69
stack at sp + 7 slots: 0x000001e932b86f40 points into unknown readable memory: 00 00 00 00 00 00 00 00


---------------  P R O C E S S  ---------------

Threads class SMR info:
_java_thread_list=0x000001e9346a85d0, length=23, elements={
0x000001e930a59800, 0x000001e930a5c800, 0x000001e930a78800, 0x000001e931303000,
0x000001e931305000, 0x000001e930a7a000, 0x000001e930a7e800, 0x000001e9315c3000,
0x000001e9315e2000, 0x000001e931c34000, 0x000001e931c43000, 0x000001e931cc2000,
0x000001e93229a800, 0x000001e9323eb800, 0x000001e90b116800, 0x000001e932e62800,
0x000001e93475a000, 0x000001e934fda800, 0x000001e9349d3800, 0x000001e9349d5000,
0x000001e9349d6800, 0x000001e936d31800, 0x000001e939d47000
}

Java Threads: ( => current thread )
  0x000001e930a59800 JavaThread "Reference Handler" daemon [_thread_blocked, id=8084, stack(0x000000b240d00000,0x000000b240e00000)]
  0x000001e930a5c800 JavaThread "Finalizer" daemon [_thread_blocked, id=1236, stack(0x000000b240e00000,0x000000b240f00000)]
  0x000001e930a78800 JavaThread "Signal Dispatcher" daemon [_thread_blocked, id=18276, stack(0x000000b240f00000,0x000000b241000000)]
  0x000001e931303000 JavaThread "Attach Listener" daemon [_thread_blocked, id=6816, stack(0x000000b241000000,0x000000b241100000)]
  0x000001e931305000 JavaThread "C2 CompilerThread0" daemon [_thread_blocked, id=10508, stack(0x000000b241100000,0x000000b241200000)]
  0x000001e930a7a000 JavaThread "C1 CompilerThread0" daemon [_thread_blocked, id=15292, stack(0x000000b241200000,0x000000b241300000)]
  0x000001e930a7e800 JavaThread "Sweeper thread" daemon [_thread_blocked, id=2512, stack(0x000000b241300000,0x000000b241400000)]
  0x000001e9315c3000 JavaThread "Service Thread" daemon [_thread_blocked, id=7552, stack(0x000000b241400000,0x000000b241500000)]
  0x000001e9315e2000 JavaThread "Common-Cleaner" daemon [_thread_blocked, id=3872, stack(0x000000b241600000,0x000000b241700000)]
  0x000001e931c34000 JavaThread "Java2D Disposer" daemon [_thread_blocked, id=13172, stack(0x000000b241d00000,0x000000b241e00000)]
  0x000001e931c43000 JavaThread "AWT-Shutdown" [_thread_blocked, id=8432, stack(0x000000b241e00000,0x000000b241f00000)]
  0x000001e931cc2000 JavaThread "AWT-Windows" daemon [_thread_in_native, id=14432, stack(0x000000b241f00000,0x000000b242000000)]
  0x000001e93229a800 JavaThread "AWT-EventQueue-0" [_thread_blocked, id=12396, stack(0x000000b242100000,0x000000b242200000)]
  0x000001e9323eb800 JavaThread "Swing-Shell" daemon [_thread_blocked, id=7988, stack(0x000000b242200000,0x000000b242300000)]
  0x000001e90b116800 JavaThread "DestroyJavaVM" [_thread_blocked, id=10880, stack(0x000000b240600000,0x000000b240700000)]
  0x000001e932e62800 JavaThread "Abandoned connection cleanup thread" daemon [_thread_blocked, id=7832, stack(0x000000b242b00000,0x000000b242c00000)]
  0x000001e93475a000 JavaThread "TimerQueue" daemon [_thread_blocked, id=7852, stack(0x000000b241700000,0x000000b241800000)]
  0x000001e934fda800 JavaThread "QuantumRenderer-0" daemon [_thread_blocked, id=15568, stack(0x000000b242e00000,0x000000b242f00000)]
  0x000001e9349d3800 JavaThread "InvokeLaterDispatcher" daemon [_thread_blocked, id=5968, stack(0x000000b242f00000,0x000000b243000000)]
=>0x000001e9349d5000 JavaThread "JavaFX Application Thread" [_thread_in_vm, id=5796, stack(0x000000b243000000,0x000000b243100000)]
  0x000001e9349d6800 JavaThread "Thread-2" daemon [_thread_in_native, id=5360, stack(0x000000b242000000,0x000000b242100000)]
  0x000001e936d31800 JavaThread "C2 CompilerThread1" daemon [_thread_blocked, id=16928, stack(0x000000b242600000,0x000000b242700000)]
  0x000001e939d47000 JavaThread "C2 CompilerThread2" daemon [_thread_blocked, id=16368, stack(0x000000b242c00000,0x000000b242d00000)]

Other Threads:
  0x000001e930a54800 VMThread "VM Thread" [stack: 0x000000b240c00000,0x000000b240d00000] [id=8160]
  0x000001e9315e1800 WatcherThread [stack: 0x000000b241500000,0x000000b241600000] [id=720]
  0x000001e90b17d000 GCTaskThread "GC Thread#0" [stack: 0x000000b240700000,0x000000b240800000] [id=2828]
  0x000001e931ed1000 GCTaskThread "GC Thread#1" [stack: 0x000000b241800000,0x000000b241900000] [id=8500]
  0x000001e932190000 GCTaskThread "GC Thread#2" [stack: 0x000000b241900000,0x000000b241a00000] [id=12332]
  0x000001e932208800 GCTaskThread "GC Thread#3" [stack: 0x000000b241a00000,0x000000b241b00000] [id=5464]
  0x000001e931b67800 GCTaskThread "GC Thread#4" [stack: 0x000000b241b00000,0x000000b241c00000] [id=6968]
  0x000001e9319b1000 GCTaskThread "GC Thread#5" [stack: 0x000000b241c00000,0x000000b241d00000] [id=16032]
  0x000001e939205000 GCTaskThread "GC Thread#6" [stack: 0x000000b242d00000,0x000000b242e00000] [id=10876]
  0x000001e939498800 GCTaskThread "GC Thread#7" [stack: 0x000000b243400000,0x000000b243500000] [id=15072]
  0x000001e90b198800 ConcurrentGCThread "G1 Main Marker" [stack: 0x000000b240800000,0x000000b240900000] [id=12044]
  0x000001e90b19a800 ConcurrentGCThread "G1 Conc#0" [stack: 0x000000b240900000,0x000000b240a00000] [id=17980]
  0x000001e934982800 ConcurrentGCThread "G1 Conc#1" [stack: 0x000000b242a00000,0x000000b242b00000] [id=17316]
  0x000001e90b1ee800 ConcurrentGCThread "G1 Refine#0" [stack: 0x000000b240a00000,0x000000b240b00000] [id=11736]
  0x000001e930950800 ConcurrentGCThread "G1 Young RemSet Sampling" [stack: 0x000000b240b00000,0x000000b240c00000] [id=7436]

Threads with active compile tasks:

VM state:not at safepoint (normal execution)

VM Mutex/Monitor currently owned by a thread: None

Heap address: 0x0000000701c00000, size: 4068 MB, Compressed Oops mode: Zero based, Oop shift amount: 3
Narrow klass base: 0x0000000800000000, Narrow klass shift: 3
Compressed class space size: 1073741824 Address: 0x00000008011a0000

Heap:
 garbage-first heap   total 219136K, used 127435K [0x0000000701c00000, 0x0000000800000000)
  region size 1024K, 22 young (22528K), 1 survivors (1024K)
 Metaspace       used 43541K, capacity 44562K, committed 44716K, reserved 1087488K
  class space    used 5909K, capacity 6324K, committed 6400K, reserved 1048576K
Heap Regions: E=young(eden), S=young(survivor), O=old, HS=humongous(starts), HC=humongous(continues), CS=collection set, F=free, A=archive, TAMS=top-at-mark-start (previous, next)
|   0|0x0000000701c00000, 0x0000000701d00000, 0x0000000701d00000|100%|HS|  |TAMS 0x0000000701d00000, 0x0000000701c00000| Complete 
|   1|0x0000000701d00000, 0x0000000701e00000, 0x0000000701e00000|100%|HS|  |TAMS 0x0000000701e00000, 0x0000000701d00000| Complete 
|   2|0x0000000701e00000, 0x0000000701f00000, 0x0000000701f00000|100%|HC|  |TAMS 0x0000000701f00000, 0x0000000701e00000| Complete 
|   3|0x0000000701f00000, 0x0000000702000000, 0x0000000702000000|100%|HS|  |TAMS 0x0000000702000000, 0x0000000701f00000| Complete 
|   4|0x0000000702000000, 0x0000000702100000, 0x0000000702100000|100%| O|  |TAMS 0x0000000702100000, 0x0000000702000000| Untracked 
|   5|0x0000000702100000, 0x0000000702200000, 0x0000000702200000|100%| O|  |TAMS 0x0000000702200000, 0x0000000702100000| Untracked 
|   6|0x0000000702200000, 0x0000000702300000, 0x0000000702300000|100%| O|  |TAMS 0x0000000702300000, 0x0000000702200000| Untracked 
|   7|0x0000000702300000, 0x0000000702400000, 0x0000000702400000|100%| O|  |TAMS 0x0000000702400000, 0x0000000702300000| Untracked 
|   8|0x0000000702400000, 0x0000000702500000, 0x0000000702500000|100%| O|  |TAMS 0x0000000702500000, 0x0000000702400000| Untracked 
|   9|0x0000000702500000, 0x0000000702600000, 0x0000000702600000|100%| O|  |TAMS 0x0000000702600000, 0x0000000702500000| Untracked 
|  10|0x0000000702600000, 0x0000000702700000, 0x0000000702700000|100%| O|  |TAMS 0x0000000702700000, 0x0000000702600000| Untracked 
|  11|0x0000000702700000, 0x0000000702800000, 0x0000000702800000|100%| O|  |TAMS 0x0000000702800000, 0x0000000702700000| Untracked 
|  12|0x0000000702800000, 0x0000000702900000, 0x0000000702900000|100%| O|  |TAMS 0x0000000702900000, 0x0000000702800000| Untracked 
|  13|0x0000000702900000, 0x0000000702a00000, 0x0000000702a00000|100%| O|  |TAMS 0x0000000702a00000, 0x0000000702900000| Untracked 
|  14|0x0000000702a00000, 0x0000000702b00000, 0x0000000702b00000|100%| O|  |TAMS 0x0000000702b00000, 0x0000000702a00000| Untracked 
|  15|0x0000000702b00000, 0x0000000702c00000, 0x0000000702c00000|100%| O|  |TAMS 0x0000000702c00000, 0x0000000702b00000| Untracked 
|  16|0x0000000702c00000, 0x0000000702d00000, 0x0000000702d00000|100%| O|  |TAMS 0x0000000702d00000, 0x0000000702c00000| Untracked 
|  17|0x0000000702d00000, 0x0000000702e00000, 0x0000000702e00000|100%| O|  |TAMS 0x0000000702e00000, 0x0000000702d00000| Untracked 
|  18|0x0000000702e00000, 0x0000000702f00000, 0x0000000702f00000|100%| O|  |TAMS 0x0000000702f00000, 0x0000000702e00000| Untracked 
|  19|0x0000000702f00000, 0x0000000703000000, 0x0000000703000000|100%| O|  |TAMS 0x0000000703000000, 0x0000000702f00000| Untracked 
|  20|0x0000000703000000, 0x0000000703100000, 0x0000000703100000|100%| O|  |TAMS 0x0000000703100000, 0x0000000703000000| Untracked 
|  21|0x0000000703100000, 0x00000007031ea600, 0x0000000703200000| 91%| O|  |TAMS 0x00000007031ea600, 0x0000000703100000| Untracked 
|  22|0x0000000703200000, 0x0000000703300000, 0x0000000703300000|100%| O|  |TAMS 0x0000000703300000, 0x0000000703200000| Untracked 
|  23|0x0000000703300000, 0x0000000703400000, 0x0000000703400000|100%| O|  |TAMS 0x0000000703400000, 0x0000000703300000| Untracked 
|  24|0x0000000703400000, 0x0000000703500000, 0x0000000703500000|100%| O|  |TAMS 0x0000000703500000, 0x0000000703400000| Untracked 
|  25|0x0000000703500000, 0x0000000703600000, 0x0000000703600000|100%| O|  |TAMS 0x0000000703600000, 0x0000000703500000| Untracked 
|  26|0x0000000703600000, 0x0000000703700000, 0x0000000703700000|100%| O|  |TAMS 0x0000000703700000, 0x0000000703600000| Untracked 
|  27|0x0000000703700000, 0x0000000703800000, 0x0000000703800000|100%| O|  |TAMS 0x0000000703800000, 0x0000000703700000| Untracked 
|  28|0x0000000703800000, 0x0000000703900000, 0x0000000703900000|100%| O|  |TAMS 0x0000000703900000, 0x0000000703800000| Untracked 
|  29|0x0000000703900000, 0x0000000703a00000, 0x0000000703a00000|100%| O|  |TAMS 0x0000000703a00000, 0x0000000703900000| Untracked 
|  30|0x0000000703a00000, 0x0000000703b00000, 0x0000000703b00000|100%| O|  |TAMS 0x0000000703b00000, 0x0000000703a00000| Untracked 
|  31|0x0000000703b00000, 0x0000000703c00000, 0x0000000703c00000|100%| O|  |TAMS 0x0000000703c00000, 0x0000000703b00000| Untracked 
|  32|0x0000000703c00000, 0x0000000703d00000, 0x0000000703d00000|100%| O|  |TAMS 0x0000000703d00000, 0x0000000703c00000| Untracked 
|  33|0x0000000703d00000, 0x0000000703e00000, 0x0000000703e00000|100%| O|  |TAMS 0x0000000703e00000, 0x0000000703d00000| Untracked 
|  34|0x0000000703e00000, 0x0000000703f00000, 0x0000000703f00000|100%| O|  |TAMS 0x0000000703f00000, 0x0000000703e00000| Untracked 
|  35|0x0000000703f00000, 0x0000000704000000, 0x0000000704000000|100%| O|  |TAMS 0x0000000704000000, 0x0000000703f00000| Untracked 
|  36|0x0000000704000000, 0x0000000704100000, 0x0000000704100000|100%| O|  |TAMS 0x0000000704100000, 0x0000000704000000| Untracked 
|  37|0x0000000704100000, 0x0000000704200000, 0x0000000704200000|100%| O|  |TAMS 0x0000000704200000, 0x0000000704100000| Untracked 
|  38|0x0000000704200000, 0x0000000704300000, 0x0000000704300000|100%| O|  |TAMS 0x0000000704300000, 0x0000000704200000| Untracked 
|  39|0x0000000704300000, 0x0000000704400000, 0x0000000704400000|100%| O|  |TAMS 0x0000000704400000, 0x0000000704300000| Untracked 
|  40|0x0000000704400000, 0x0000000704500000, 0x0000000704500000|100%| O|  |TAMS 0x0000000704500000, 0x0000000704400000| Untracked 
|  41|0x0000000704500000, 0x0000000704600000, 0x0000000704600000|100%| O|  |TAMS 0x0000000704600000, 0x0000000704500000| Untracked 
|  42|0x0000000704600000, 0x0000000704700000, 0x0000000704700000|100%| O|  |TAMS 0x0000000704700000, 0x0000000704600000| Untracked 
|  43|0x0000000704700000, 0x0000000704800000, 0x0000000704800000|100%| O|  |TAMS 0x0000000704800000, 0x0000000704700000| Untracked 
|  44|0x0000000704800000, 0x0000000704900000, 0x0000000704900000|100%| O|  |TAMS 0x0000000704900000, 0x0000000704800000| Untracked 
|  45|0x0000000704900000, 0x0000000704a00000, 0x0000000704a00000|100%| O|  |TAMS 0x0000000704a00000, 0x0000000704900000| Untracked 
|  46|0x0000000704a00000, 0x0000000704b00000, 0x0000000704b00000|100%| O|  |TAMS 0x0000000704b00000, 0x0000000704a00000| Untracked 
|  47|0x0000000704b00000, 0x0000000704c00000, 0x0000000704c00000|100%| O|  |TAMS 0x0000000704c00000, 0x0000000704b00000| Untracked 
|  48|0x0000000704c00000, 0x0000000704d00000, 0x0000000704d00000|100%| O|  |TAMS 0x0000000704d00000, 0x0000000704c00000| Untracked 
|  49|0x0000000704d00000, 0x0000000704e00000, 0x0000000704e00000|100%| O|  |TAMS 0x0000000704e00000, 0x0000000704d00000| Untracked 
|  50|0x0000000704e00000, 0x0000000704f00000, 0x0000000704f00000|100%| O|  |TAMS 0x0000000704f00000, 0x0000000704e00000| Untracked 
|  51|0x0000000704f00000, 0x0000000705000000, 0x0000000705000000|100%| O|  |TAMS 0x0000000705000000, 0x0000000704f00000| Untracked 
|  52|0x0000000705000000, 0x0000000705100000, 0x0000000705100000|100%| O|  |TAMS 0x0000000705100000, 0x0000000705000000| Untracked 
|  53|0x0000000705100000, 0x0000000705200000, 0x0000000705200000|100%| O|  |TAMS 0x0000000705200000, 0x0000000705100000| Untracked 
|  54|0x0000000705200000, 0x0000000705300000, 0x0000000705300000|100%| O|  |TAMS 0x0000000705300000, 0x0000000705200000| Untracked 
|  55|0x0000000705300000, 0x0000000705400000, 0x0000000705400000|100%| O|  |TAMS 0x0000000705400000, 0x0000000705300000| Untracked 
|  56|0x0000000705400000, 0x0000000705500000, 0x0000000705500000|100%| O|  |TAMS 0x0000000705500000, 0x0000000705400000| Untracked 
|  57|0x0000000705500000, 0x0000000705600000, 0x0000000705600000|100%| O|  |TAMS 0x0000000705600000, 0x0000000705500000| Untracked 
|  58|0x0000000705600000, 0x0000000705700000, 0x0000000705700000|100%|HS|  |TAMS 0x0000000705700000, 0x0000000705600000| Complete 
|  59|0x0000000705700000, 0x0000000705800000, 0x0000000705800000|100%|HC|  |TAMS 0x0000000705800000, 0x0000000705700000| Complete 
|  60|0x0000000705800000, 0x0000000705900000, 0x0000000705900000|100%|HC|  |TAMS 0x0000000705900000, 0x0000000705800000| Complete 
|  61|0x0000000705900000, 0x0000000705a00000, 0x0000000705a00000|100%|HC|  |TAMS 0x0000000705a00000, 0x0000000705900000| Complete 
|  62|0x0000000705a00000, 0x0000000705b00000, 0x0000000705b00000|100%|HC|  |TAMS 0x0000000705b00000, 0x0000000705a00000| Complete 
|  63|0x0000000705b00000, 0x0000000705c00000, 0x0000000705c00000|100%|HC|  |TAMS 0x0000000705c00000, 0x0000000705b00000| Complete 
|  64|0x0000000705c00000, 0x0000000705d00000, 0x0000000705d00000|100%|HC|  |TAMS 0x0000000705d00000, 0x0000000705c00000| Complete 
|  65|0x0000000705d00000, 0x0000000705e00000, 0x0000000705e00000|100%|HC|  |TAMS 0x0000000705e00000, 0x0000000705d00000| Complete 
|  66|0x0000000705e00000, 0x0000000705f00000, 0x0000000705f00000|100%|HC|  |TAMS 0x0000000705f00000, 0x0000000705e00000| Complete 
|  67|0x0000000705f00000, 0x0000000706000000, 0x0000000706000000|100%| O|  |TAMS 0x0000000706000000, 0x0000000705f00000| Untracked 
|  68|0x0000000706000000, 0x0000000706100000, 0x0000000706100000|100%| O|  |TAMS 0x0000000706100000, 0x0000000706000000| Untracked 
|  69|0x0000000706100000, 0x0000000706200000, 0x0000000706200000|100%| O|  |TAMS 0x0000000706200000, 0x0000000706100000| Untracked 
|  70|0x0000000706200000, 0x0000000706300000, 0x0000000706300000|100%| O|  |TAMS 0x0000000706300000, 0x0000000706200000| Untracked 
|  71|0x0000000706300000, 0x0000000706400000, 0x0000000706400000|100%| O|  |TAMS 0x0000000706400000, 0x0000000706300000| Untracked 
|  72|0x0000000706400000, 0x0000000706500000, 0x0000000706500000|100%| O|  |TAMS 0x0000000706500000, 0x0000000706400000| Untracked 
|  73|0x0000000706500000, 0x0000000706600000, 0x0000000706600000|100%| O|  |TAMS 0x0000000706600000, 0x0000000706500000| Untracked 
|  74|0x0000000706600000, 0x0000000706700000, 0x0000000706700000|100%| O|  |TAMS 0x0000000706700000, 0x0000000706600000| Untracked 
|  75|0x0000000706700000, 0x0000000706800000, 0x0000000706800000|100%| O|  |TAMS 0x0000000706800000, 0x0000000706700000| Untracked 
|  76|0x0000000706800000, 0x00000007068e3e00, 0x0000000706900000| 89%| O|  |TAMS 0x00000007068e3e00, 0x0000000706800000| Untracked 
|  77|0x0000000706900000, 0x0000000706900000, 0x0000000706a00000|  0%| F|  |TAMS 0x0000000706900000, 0x0000000706900000| Untracked 
|  78|0x0000000706a00000, 0x0000000706a00000, 0x0000000706b00000|  0%| F|  |TAMS 0x0000000706a00000, 0x0000000706a00000| Untracked 
|  79|0x0000000706b00000, 0x0000000706b00000, 0x0000000706c00000|  0%| F|  |TAMS 0x0000000706b00000, 0x0000000706b00000| Untracked 
|  80|0x0000000706c00000, 0x0000000706c00000, 0x0000000706d00000|  0%| F|  |TAMS 0x0000000706c00000, 0x0000000706c00000| Untracked 
|  81|0x0000000706d00000, 0x0000000706d00000, 0x0000000706e00000|  0%| F|  |TAMS 0x0000000706d00000, 0x0000000706d00000| Untracked 
|  82|0x0000000706e00000, 0x0000000706f00000, 0x0000000706f00000|100%|HS|  |TAMS 0x0000000706f00000, 0x0000000706e00000| Complete 
|  83|0x0000000706f00000, 0x0000000706f00000, 0x0000000707000000|  0%| F|  |TAMS 0x0000000706f00000, 0x0000000706f00000| Untracked 
|  84|0x0000000707000000, 0x0000000707000000, 0x0000000707100000|  0%| F|  |TAMS 0x0000000707000000, 0x0000000707000000| Untracked 
|  85|0x0000000707100000, 0x0000000707100000, 0x0000000707200000|  0%| F|  |TAMS 0x0000000707100000, 0x0000000707100000| Untracked 
|  86|0x0000000707200000, 0x0000000707200000, 0x0000000707300000|  0%| F|  |TAMS 0x0000000707200000, 0x0000000707200000| Untracked 
|  87|0x0000000707300000, 0x0000000707400000, 0x0000000707400000|100%|HS|  |TAMS 0x0000000707400000, 0x0000000707300000| Complete 
|  88|0x0000000707400000, 0x0000000707500000, 0x0000000707500000|100%|HC|  |TAMS 0x0000000707500000, 0x0000000707400000| Complete 
|  89|0x0000000707500000, 0x0000000707600000, 0x0000000707600000|100%|HC|  |TAMS 0x0000000707600000, 0x0000000707500000| Complete 
|  90|0x0000000707600000, 0x0000000707700000, 0x0000000707700000|100%|HC|  |TAMS 0x0000000707700000, 0x0000000707600000| Complete 
|  91|0x0000000707700000, 0x0000000707800000, 0x0000000707800000|100%|HC|  |TAMS 0x0000000707800000, 0x0000000707700000| Complete 
|  92|0x0000000707800000, 0x0000000707900000, 0x0000000707900000|100%|HS|  |TAMS 0x0000000707800000, 0x0000000707800000| Complete 
|  93|0x0000000707900000, 0x0000000707a00000, 0x0000000707a00000|100%|HC|  |TAMS 0x0000000707900000, 0x0000000707900000| Complete 
|  94|0x0000000707a00000, 0x0000000707b00000, 0x0000000707b00000|100%|HC|  |TAMS 0x0000000707a00000, 0x0000000707a00000| Complete 
|  95|0x0000000707b00000, 0x0000000707c00000, 0x0000000707c00000|100%|HC|  |TAMS 0x0000000707b00000, 0x0000000707b00000| Complete 
|  96|0x0000000707c00000, 0x0000000707d00000, 0x0000000707d00000|100%|HC|  |TAMS 0x0000000707c00000, 0x0000000707c00000| Complete 
|  97|0x0000000707d00000, 0x0000000707e00000, 0x0000000707e00000|100%|HC|  |TAMS 0x0000000707d00000, 0x0000000707d00000| Complete 
|  98|0x0000000707e00000, 0x0000000707f00000, 0x0000000707f00000|100%|HC|  |TAMS 0x0000000707e00000, 0x0000000707e00000| Complete 
|  99|0x0000000707f00000, 0x0000000708000000, 0x0000000708000000|100%|HC|  |TAMS 0x0000000707f00000, 0x0000000707f00000| Complete 
| 100|0x0000000708000000, 0x0000000708000000, 0x0000000708100000|  0%| F|  |TAMS 0x0000000708000000, 0x0000000708000000| Untracked 
| 101|0x0000000708100000, 0x0000000708100000, 0x0000000708200000|  0%| F|  |TAMS 0x0000000708100000, 0x0000000708100000| Untracked 
| 102|0x0000000708200000, 0x0000000708200000, 0x0000000708300000|  0%| F|  |TAMS 0x0000000708200000, 0x0000000708200000| Untracked 
| 103|0x0000000708300000, 0x0000000708300000, 0x0000000708400000|  0%| F|  |TAMS 0x0000000708300000, 0x0000000708300000| Untracked 
| 104|0x0000000708400000, 0x0000000708400000, 0x0000000708500000|  0%| F|  |TAMS 0x0000000708400000, 0x0000000708400000| Untracked 
| 105|0x0000000708500000, 0x0000000708500000, 0x0000000708600000|  0%| F|  |TAMS 0x0000000708500000, 0x0000000708500000| Untracked 
| 106|0x0000000708600000, 0x0000000708600000, 0x0000000708700000|  0%| F|  |TAMS 0x0000000708600000, 0x0000000708600000| Untracked 
| 107|0x0000000708700000, 0x0000000708800000, 0x0000000708800000|100%|HS|  |TAMS 0x0000000708800000, 0x0000000708700000| Complete 
| 108|0x0000000708800000, 0x0000000708900000, 0x0000000708900000|100%|HC|  |TAMS 0x0000000708900000, 0x0000000708800000| Complete 
| 109|0x0000000708900000, 0x0000000708a00000, 0x0000000708a00000|100%|HC|  |TAMS 0x0000000708a00000, 0x0000000708900000| Complete 
| 110|0x0000000708a00000, 0x0000000708b00000, 0x0000000708b00000|100%|HC|  |TAMS 0x0000000708b00000, 0x0000000708a00000| Complete 
| 111|0x0000000708b00000, 0x0000000708c00000, 0x0000000708c00000|100%|HC|  |TAMS 0x0000000708c00000, 0x0000000708b00000| Complete 
| 112|0x0000000708c00000, 0x0000000708c00000, 0x0000000708d00000|  0%| F|  |TAMS 0x0000000708c00000, 0x0000000708c00000| Untracked 
| 113|0x0000000708d00000, 0x0000000708d00000, 0x0000000708e00000|  0%| F|  |TAMS 0x0000000708d00000, 0x0000000708d00000| Untracked 
| 114|0x0000000708e00000, 0x0000000708e00000, 0x0000000708f00000|  0%| F|  |TAMS 0x0000000708e00000, 0x0000000708e00000| Untracked 
| 115|0x0000000708f00000, 0x0000000708f00000, 0x0000000709000000|  0%| F|  |TAMS 0x0000000708f00000, 0x0000000708f00000| Untracked 
| 116|0x0000000709000000, 0x0000000709000000, 0x0000000709100000|  0%| F|  |TAMS 0x0000000709000000, 0x0000000709000000| Untracked 
| 117|0x0000000709100000, 0x0000000709200000, 0x0000000709200000|100%|HS|  |TAMS 0x0000000709200000, 0x0000000709100000| Complete 
| 118|0x0000000709200000, 0x0000000709300000, 0x0000000709300000|100%|HC|  |TAMS 0x0000000709300000, 0x0000000709200000| Complete 
| 119|0x0000000709300000, 0x0000000709400000, 0x0000000709400000|100%|HC|  |TAMS 0x0000000709400000, 0x0000000709300000| Complete 
| 120|0x0000000709400000, 0x0000000709500000, 0x0000000709500000|100%|HC|  |TAMS 0x0000000709500000, 0x0000000709400000| Complete 
| 121|0x0000000709500000, 0x0000000709600000, 0x0000000709600000|100%|HC|  |TAMS 0x0000000709600000, 0x0000000709500000| Complete 
| 122|0x0000000709600000, 0x0000000709700000, 0x0000000709700000|100%|HC|  |TAMS 0x0000000709700000, 0x0000000709600000| Complete 
| 123|0x0000000709700000, 0x0000000709800000, 0x0000000709800000|100%|HC|  |TAMS 0x0000000709800000, 0x0000000709700000| Complete 
| 124|0x0000000709800000, 0x0000000709900000, 0x0000000709900000|100%|HC|  |TAMS 0x0000000709900000, 0x0000000709800000| Complete 
| 125|0x0000000709900000, 0x0000000709a00000, 0x0000000709a00000|100%|HC|  |TAMS 0x0000000709a00000, 0x0000000709900000| Complete 
| 126|0x0000000709a00000, 0x0000000709a00000, 0x0000000709b00000|  0%| F|  |TAMS 0x0000000709a00000, 0x0000000709a00000| Untracked 
| 127|0x0000000709b00000, 0x0000000709b00000, 0x0000000709c00000|  0%| F|  |TAMS 0x0000000709b00000, 0x0000000709b00000| Untracked 
| 128|0x0000000709c00000, 0x0000000709c00000, 0x0000000709d00000|  0%| F|  |TAMS 0x0000000709c00000, 0x0000000709c00000| Untracked 
| 129|0x0000000709d00000, 0x0000000709d00000, 0x0000000709e00000|  0%| F|  |TAMS 0x0000000709d00000, 0x0000000709d00000| Untracked 
| 130|0x0000000709e00000, 0x0000000709e00000, 0x0000000709f00000|  0%| F|  |TAMS 0x0000000709e00000, 0x0000000709e00000| Untracked 
| 131|0x0000000709f00000, 0x0000000709f00000, 0x000000070a000000|  0%| F|  |TAMS 0x0000000709f00000, 0x0000000709f00000| Untracked 
| 132|0x000000070a000000, 0x000000070a000000, 0x000000070a100000|  0%| F|  |TAMS 0x000000070a000000, 0x000000070a000000| Untracked 
| 133|0x000000070a100000, 0x000000070a100000, 0x000000070a200000|  0%| F|  |TAMS 0x000000070a100000, 0x000000070a100000| Untracked 
| 134|0x000000070a200000, 0x000000070a200000, 0x000000070a300000|  0%| F|  |TAMS 0x000000070a200000, 0x000000070a200000| Untracked 
| 135|0x000000070a300000, 0x000000070a300000, 0x000000070a400000|  0%| F|  |TAMS 0x000000070a300000, 0x000000070a300000| Untracked 
| 136|0x000000070a400000, 0x000000070a400000, 0x000000070a500000|  0%| F|  |TAMS 0x000000070a400000, 0x000000070a400000| Untracked 
| 137|0x000000070a500000, 0x000000070a500000, 0x000000070a600000|  0%| F|  |TAMS 0x000000070a500000, 0x000000070a500000| Untracked 
| 138|0x000000070a600000, 0x000000070a600000, 0x000000070a700000|  0%| F|  |TAMS 0x000000070a600000, 0x000000070a600000| Untracked 
| 139|0x000000070a700000, 0x000000070a700000, 0x000000070a800000|  0%| F|  |TAMS 0x000000070a700000, 0x000000070a700000| Untracked 
| 140|0x000000070a800000, 0x000000070a800000, 0x000000070a900000|  0%| F|  |TAMS 0x000000070a800000, 0x000000070a800000| Untracked 
| 141|0x000000070a900000, 0x000000070a900000, 0x000000070aa00000|  0%| F|  |TAMS 0x000000070a900000, 0x000000070a900000| Untracked 
| 142|0x000000070aa00000, 0x000000070aa00000, 0x000000070ab00000|  0%| F|  |TAMS 0x000000070aa00000, 0x000000070aa00000| Untracked 
| 143|0x000000070ab00000, 0x000000070ab00000, 0x000000070ac00000|  0%| F|  |TAMS 0x000000070ab00000, 0x000000070ab00000| Untracked 
| 144|0x000000070ac00000, 0x000000070ac00000, 0x000000070ad00000|  0%| F|  |TAMS 0x000000070ac00000, 0x000000070ac00000| Untracked 
| 145|0x000000070ad00000, 0x000000070ad00000, 0x000000070ae00000|  0%| F|  |TAMS 0x000000070ad00000, 0x000000070ad00000| Untracked 
| 146|0x000000070ae00000, 0x000000070ae00000, 0x000000070af00000|  0%| F|  |TAMS 0x000000070ae00000, 0x000000070ae00000| Untracked 
| 147|0x000000070af00000, 0x000000070af00000, 0x000000070b000000|  0%| F|  |TAMS 0x000000070af00000, 0x000000070af00000| Untracked 
| 148|0x000000070b000000, 0x000000070b000000, 0x000000070b100000|  0%| F|  |TAMS 0x000000070b000000, 0x000000070b000000| Untracked 
| 149|0x000000070b100000, 0x000000070b100000, 0x000000070b200000|  0%| F|  |TAMS 0x000000070b100000, 0x000000070b100000| Untracked 
| 150|0x000000070b200000, 0x000000070b200000, 0x000000070b300000|  0%| F|  |TAMS 0x000000070b200000, 0x000000070b200000| Untracked 
| 151|0x000000070b300000, 0x000000070b300000, 0x000000070b400000|  0%| F|  |TAMS 0x000000070b300000, 0x000000070b300000| Untracked 
| 152|0x000000070b400000, 0x000000070b400000, 0x000000070b500000|  0%| F|  |TAMS 0x000000070b400000, 0x000000070b400000| Untracked 
| 153|0x000000070b500000, 0x000000070b500000, 0x000000070b600000|  0%| F|  |TAMS 0x000000070b500000, 0x000000070b500000| Untracked 
| 154|0x000000070b600000, 0x000000070b600000, 0x000000070b700000|  0%| F|  |TAMS 0x000000070b600000, 0x000000070b600000| Untracked 
| 155|0x000000070b700000, 0x000000070b700000, 0x000000070b800000|  0%| F|  |TAMS 0x000000070b700000, 0x000000070b700000| Untracked 
| 156|0x000000070b800000, 0x000000070b800000, 0x000000070b900000|  0%| F|  |TAMS 0x000000070b800000, 0x000000070b800000| Untracked 
| 157|0x000000070b900000, 0x000000070b900000, 0x000000070ba00000|  0%| F|  |TAMS 0x000000070b900000, 0x000000070b900000| Untracked 
| 158|0x000000070ba00000, 0x000000070ba00000, 0x000000070bb00000|  0%| F|  |TAMS 0x000000070ba00000, 0x000000070ba00000| Untracked 
| 159|0x000000070bb00000, 0x000000070bb00000, 0x000000070bc00000|  0%| F|  |TAMS 0x000000070bb00000, 0x000000070bb00000| Untracked 
| 160|0x000000070bc00000, 0x000000070bc00000, 0x000000070bd00000|  0%| F|  |TAMS 0x000000070bc00000, 0x000000070bc00000| Untracked 
| 161|0x000000070bd00000, 0x000000070bd00000, 0x000000070be00000|  0%| F|  |TAMS 0x000000070bd00000, 0x000000070bd00000| Untracked 
| 162|0x000000070be00000, 0x000000070be00000, 0x000000070bf00000|  0%| F|  |TAMS 0x000000070be00000, 0x000000070be00000| Untracked 
| 163|0x000000070bf00000, 0x000000070bf00000, 0x000000070c000000|  0%| F|  |TAMS 0x000000070bf00000, 0x000000070bf00000| Untracked 
| 164|0x000000070c000000, 0x000000070c000000, 0x000000070c100000|  0%| F|  |TAMS 0x000000070c000000, 0x000000070c000000| Untracked 
| 165|0x000000070c100000, 0x000000070c100000, 0x000000070c200000|  0%| F|  |TAMS 0x000000070c100000, 0x000000070c100000| Untracked 
| 166|0x000000070c200000, 0x000000070c200000, 0x000000070c300000|  0%| F|  |TAMS 0x000000070c200000, 0x000000070c200000| Untracked 
| 167|0x000000070c300000, 0x000000070c300000, 0x000000070c400000|  0%| F|  |TAMS 0x000000070c300000, 0x000000070c300000| Untracked 
| 168|0x000000070c400000, 0x000000070c400000, 0x000000070c500000|  0%| F|  |TAMS 0x000000070c400000, 0x000000070c400000| Untracked 
| 169|0x000000070c500000, 0x000000070c500000, 0x000000070c600000|  0%| F|  |TAMS 0x000000070c500000, 0x000000070c500000| Untracked 
| 170|0x000000070c600000, 0x000000070c600000, 0x000000070c700000|  0%| F|  |TAMS 0x000000070c600000, 0x000000070c600000| Untracked 
| 171|0x000000070c700000, 0x000000070c700000, 0x000000070c800000|  0%| F|  |TAMS 0x000000070c700000, 0x000000070c700000| Untracked 
| 172|0x000000070c800000, 0x000000070c800000, 0x000000070c900000|  0%| F|  |TAMS 0x000000070c800000, 0x000000070c800000| Untracked 
| 173|0x000000070c900000, 0x000000070c900000, 0x000000070ca00000|  0%| F|  |TAMS 0x000000070c900000, 0x000000070c900000| Untracked 
| 174|0x000000070ca00000, 0x000000070ca00000, 0x000000070cb00000|  0%| F|  |TAMS 0x000000070ca00000, 0x000000070ca00000| Untracked 
| 175|0x000000070cb00000, 0x000000070cb00000, 0x000000070cc00000|  0%| F|  |TAMS 0x000000070cb00000, 0x000000070cb00000| Untracked 
| 176|0x000000070cc00000, 0x000000070cc00000, 0x000000070cd00000|  0%| F|  |TAMS 0x000000070cc00000, 0x000000070cc00000| Untracked 
| 177|0x000000070cd00000, 0x000000070cd00000, 0x000000070ce00000|  0%| F|  |TAMS 0x000000070cd00000, 0x000000070cd00000| Untracked 
| 178|0x000000070ce00000, 0x000000070ce00000, 0x000000070cf00000|  0%| F|  |TAMS 0x000000070ce00000, 0x000000070ce00000| Untracked 
| 179|0x000000070cf00000, 0x000000070cf00000, 0x000000070d000000|  0%| F|  |TAMS 0x000000070cf00000, 0x000000070cf00000| Untracked 
| 180|0x000000070d000000, 0x000000070d000000, 0x000000070d100000|  0%| F|  |TAMS 0x000000070d000000, 0x000000070d000000| Untracked 
| 181|0x000000070d100000, 0x000000070d100000, 0x000000070d200000|  0%| F|  |TAMS 0x000000070d100000, 0x000000070d100000| Untracked 
| 182|0x000000070d200000, 0x000000070d200000, 0x000000070d300000|  0%| F|  |TAMS 0x000000070d200000, 0x000000070d200000| Untracked 
| 183|0x000000070d300000, 0x000000070d300000, 0x000000070d400000|  0%| F|  |TAMS 0x000000070d300000, 0x000000070d300000| Untracked 
| 184|0x000000070d400000, 0x000000070d400000, 0x000000070d500000|  0%| F|  |TAMS 0x000000070d400000, 0x000000070d400000| Untracked 
| 185|0x000000070d500000, 0x000000070d500000, 0x000000070d600000|  0%| F|  |TAMS 0x000000070d500000, 0x000000070d500000| Untracked 
| 186|0x000000070d600000, 0x000000070d600000, 0x000000070d700000|  0%| F|  |TAMS 0x000000070d600000, 0x000000070d600000| Untracked 
| 187|0x000000070d700000, 0x000000070d700000, 0x000000070d800000|  0%| F|  |TAMS 0x000000070d700000, 0x000000070d700000| Untracked 
| 188|0x000000070d800000, 0x000000070d800000, 0x000000070d900000|  0%| F|  |TAMS 0x000000070d800000, 0x000000070d800000| Untracked 
| 189|0x000000070d900000, 0x000000070d900000, 0x000000070da00000|  0%| F|  |TAMS 0x000000070d900000, 0x000000070d900000| Untracked 
| 190|0x000000070da00000, 0x000000070da00000, 0x000000070db00000|  0%| F|  |TAMS 0x000000070da00000, 0x000000070da00000| Untracked 
| 191|0x000000070db00000, 0x000000070db00000, 0x000000070dc00000|  0%| F|  |TAMS 0x000000070db00000, 0x000000070db00000| Untracked 
| 192|0x000000070dc00000, 0x000000070dcbfb18, 0x000000070dd00000| 74%| E|  |TAMS 0x000000070dc00000, 0x000000070dc00000| Complete 
| 193|0x000000070dd00000, 0x000000070de00000, 0x000000070de00000|100%| E|CS|TAMS 0x000000070dd00000, 0x000000070dd00000| Complete 
| 194|0x000000070de00000, 0x000000070df00000, 0x000000070df00000|100%| E|CS|TAMS 0x000000070de00000, 0x000000070de00000| Complete 
| 195|0x000000070df00000, 0x000000070e000000, 0x000000070e000000|100%| E|CS|TAMS 0x000000070df00000, 0x000000070df00000| Complete 
| 196|0x000000070e000000, 0x000000070e100000, 0x000000070e100000|100%| E|CS|TAMS 0x000000070e000000, 0x000000070e000000| Complete 
| 197|0x000000070e100000, 0x000000070e200000, 0x000000070e200000|100%| E|  |TAMS 0x000000070e100000, 0x000000070e100000| Complete 
| 198|0x000000070e200000, 0x000000070e300000, 0x000000070e300000|100%| E|CS|TAMS 0x000000070e200000, 0x000000070e200000| Complete 
| 199|0x000000070e300000, 0x000000070e400000, 0x000000070e400000|100%| E|CS|TAMS 0x000000070e300000, 0x000000070e300000| Complete 
| 200|0x000000070e400000, 0x000000070e500000, 0x000000070e500000|100%| E|CS|TAMS 0x000000070e400000, 0x000000070e400000| Complete 
| 201|0x000000070e500000, 0x000000070e600000, 0x000000070e600000|100%| E|CS|TAMS 0x000000070e500000, 0x000000070e500000| Complete 
| 202|0x000000070e600000, 0x000000070e700000, 0x000000070e700000|100%| E|CS|TAMS 0x000000070e600000, 0x000000070e600000| Complete 
| 203|0x000000070e700000, 0x000000070e800000, 0x000000070e800000|100%| E|CS|TAMS 0x000000070e700000, 0x000000070e700000| Complete 
| 204|0x000000070e800000, 0x000000070e900000, 0x000000070e900000|100%| E|CS|TAMS 0x000000070e800000, 0x000000070e800000| Complete 
| 205|0x000000070e900000, 0x000000070ea00000, 0x000000070ea00000|100%| E|CS|TAMS 0x000000070e900000, 0x000000070e900000| Complete 
| 206|0x000000070ea00000, 0x000000070eb00000, 0x000000070eb00000|100%| E|CS|TAMS 0x000000070ea00000, 0x000000070ea00000| Complete 
| 207|0x000000070eb00000, 0x000000070ec00000, 0x000000070ec00000|100%| E|CS|TAMS 0x000000070eb00000, 0x000000070eb00000| Complete 
| 231|0x0000000710300000, 0x0000000710400000, 0x0000000710400000|100%| E|CS|TAMS 0x0000000710300000, 0x0000000710300000| Complete 
| 232|0x0000000710400000, 0x0000000710500000, 0x0000000710500000|100%| E|CS|TAMS 0x0000000710400000, 0x0000000710400000| Complete 
| 233|0x0000000710500000, 0x0000000710600000, 0x0000000710600000|100%| E|CS|TAMS 0x0000000710500000, 0x0000000710500000| Complete 
| 234|0x0000000710600000, 0x00000007106a48d8, 0x0000000710700000| 64%| S|CS|TAMS 0x0000000710600000, 0x0000000710600000| Complete 
| 254|0x0000000711a00000, 0x0000000711b00000, 0x0000000711b00000|100%| E|CS|TAMS 0x0000000711a00000, 0x0000000711a00000| Complete 
| 255|0x0000000711b00000, 0x0000000711c00000, 0x0000000711c00000|100%| E|CS|TAMS 0x0000000711b00000, 0x0000000711b00000| Complete 

Card table byte_map: [0x000001e924fd0000,0x000001e9257d0000] _byte_map_base: 0x000001e9217c2000

Marking Bits (Prev, Next): (CMBitMap*) 0x000001e90b17dca8, (CMBitMap*) 0x000001e90b17dc68
 Prev Bits: [0x000001e929f60000, 0x000001e92def0000)
 Next Bits: [0x000001e925fd0000, 0x000001e929f60000)

Polling page: 0x000001e90afe0000

Metaspace:

Usage:
  Non-class:     37.34 MB capacity,    36.75 MB ( 98%) used,   485.47 KB (  1%) free+waste,   120.56 KB ( <1%) overhead. 
      Class:      6.18 MB capacity,     5.77 MB ( 93%) used,   356.04 KB (  6%) free+waste,    58.63 KB ( <1%) overhead. 
       Both:     43.52 MB capacity,    42.52 MB ( 98%) used,   841.51 KB (  2%) free+waste,   179.19 KB ( <1%) overhead. 

Virtual space:
  Non-class space:       38.00 MB reserved,      37.42 MB ( 98%) committed 
      Class space:        1.00 GB reserved,       6.25 MB ( <1%) committed 
             Both:        1.04 GB reserved,      43.67 MB (  4%) committed 

Chunk freelists:
   Non-Class:  1.75 KB
       Class:  1.50 KB
        Both:  3.25 KB

CodeHeap 'non-profiled nmethods': size=120000Kb used=4467Kb max_used=4467Kb free=115532Kb
 bounds [0x000001e91c820000, 0x000001e91cc80000, 0x000001e923d50000]
CodeHeap 'profiled nmethods': size=120000Kb used=13347Kb max_used=13347Kb free=106653Kb
 bounds [0x000001e9152f0000, 0x000001e916010000, 0x000001e91c820000]
CodeHeap 'non-nmethods': size=5760Kb used=1417Kb max_used=1457Kb free=4342Kb
 bounds [0x000001e914d50000, 0x000001e914fc0000, 0x000001e9152f0000]
 total_blobs=8745 nmethods=5407 adapters=776
 compilation: enabled
              stopped_count=0, restarted_count=0
 full_count=0

Compilation events (10 events):
Event: 32.008 Thread 0x000001e930a7a000 6149       3       sun.java2d.marlin.DHelpers::filterOutNotInAB (57 bytes)
Event: 32.008 Thread 0x000001e930a7a000 nmethod 6149 0x000001e916001d10 code [0x000001e916001ee0, 0x000001e9160021d8]
Event: 32.012 Thread 0x000001e930a7a000 6150       1       sun.awt.image.VolatileSurfaceManager::contentsLost (5 bytes)
Event: 32.012 Thread 0x000001e930a7a000 nmethod 6150 0x000001e91cc6d110 code [0x000001e91cc6d2c0, 0x000001e91cc6d3f8]
Event: 32.012 Thread 0x000001e930a7a000 6151       3       java.awt.Rectangle::translate (197 bytes)
Event: 32.012 Thread 0x000001e930a7a000 nmethod 6151 0x000001e916002310 code [0x000001e9160024e0, 0x000001e9160029b8]
Event: 32.013 Thread 0x000001e930a7a000 6152       3       javax.swing.text.GapVector::replace (83 bytes)
Event: 32.014 Thread 0x000001e930a7a000 nmethod 6152 0x000001e916002a90 code [0x000001e916002ca0, 0x000001e9160032b0]
Event: 32.014 Thread 0x000001e930a7a000 6153       3       java.util.concurrent.ConcurrentHashMap::containsKey (14 bytes)
Event: 32.014 Thread 0x000001e930a7a000 nmethod 6153 0x000001e916003410 code [0x000001e9160035e0, 0x000001e916003810]

GC Heap History (10 events):
Event: 16.920 GC heap before
{Heap before GC invocations=23 (full 0):
 garbage-first heap   total 137216K, used 79521K [0x0000000701c00000, 0x0000000800000000)
  region size 1024K, 6 young (6144K), 4 survivors (4096K)
 Metaspace       used 40884K, capacity 41836K, committed 42028K, reserved 1085440K
  class space    used 5629K, capacity 6012K, committed 6016K, reserved 1048576K
}
Event: 16.923 GC heap after
{Heap after GC invocations=24 (full 0):
 garbage-first heap   total 137216K, used 79149K [0x0000000701c00000, 0x0000000800000000)
  region size 1024K, 1 young (1024K), 1 survivors (1024K)
 Metaspace       used 40884K, capacity 41836K, committed 42028K, reserved 1085440K
  class space    used 5629K, capacity 6012K, committed 6016K, reserved 1048576K
}
Event: 17.022 GC heap before
{Heap before GC invocations=25 (full 0):
 garbage-first heap   total 142336K, used 84269K [0x0000000701c00000, 0x0000000800000000)
  region size 1024K, 1 young (1024K), 1 survivors (1024K)
 Metaspace       used 40884K, capacity 41836K, committed 42028K, reserved 1085440K
  class space    used 5629K, capacity 6012K, committed 6016K, reserved 1048576K
}
Event: 17.023 GC heap after
{Heap after GC invocations=26 (full 0):
 garbage-first heap   total 142336K, used 84035K [0x0000000701c00000, 0x0000000800000000)
  region size 1024K, 1 young (1024K), 1 survivors (1024K)
 Metaspace       used 40884K, capacity 41836K, committed 42028K, reserved 1085440K
  class space    used 5629K, capacity 6012K, committed 6016K, reserved 1048576K
}
Event: 17.398 GC heap before
{Heap before GC invocations=27 (full 0):
 garbage-first heap   total 158720K, used 94275K [0x0000000701c00000, 0x0000000800000000)
  region size 1024K, 2 young (2048K), 1 survivors (1024K)
 Metaspace       used 40886K, capacity 41836K, committed 42028K, reserved 1085440K
  class space    used 5629K, capacity 6012K, committed 6016K, reserved 1048576K
}
Event: 17.400 GC heap after
{Heap after GC invocations=28 (full 0):
 garbage-first heap   total 158720K, used 94202K [0x0000000701c00000, 0x0000000800000000)
  region size 1024K, 1 young (1024K), 1 survivors (1024K)
 Metaspace       used 40886K, capacity 41836K, committed 42028K, reserved 1085440K
  class space    used 5629K, capacity 6012K, committed 6016K, reserved 1048576K
}
Event: 17.565 GC heap before
{Heap before GC invocations=29 (full 0):
 garbage-first heap   total 219136K, used 136186K [0x0000000701c00000, 0x0000000800000000)
  region size 1024K, 10 young (10240K), 1 survivors (1024K)
 Metaspace       used 40969K, capacity 41932K, committed 42156K, reserved 1085440K
  class space    used 5639K, capacity 6044K, committed 6144K, reserved 1048576K
}
Event: 17.567 GC heap after
{Heap after GC invocations=30 (full 0):
 garbage-first heap   total 219136K, used 103406K [0x0000000701c00000, 0x0000000800000000)
  region size 1024K, 1 young (1024K), 1 survivors (1024K)
 Metaspace       used 40969K, capacity 41932K, committed 42156K, reserved 1085440K
  class space    used 5639K, capacity 6044K, committed 6144K, reserved 1048576K
}
Event: 17.734 GC heap before
{Heap before GC invocations=31 (full 0):
 garbage-first heap   total 219136K, used 100334K [0x0000000701c00000, 0x0000000800000000)
  region size 1024K, 3 young (3072K), 1 survivors (1024K)
 Metaspace       used 41456K, capacity 42415K, committed 42668K, reserved 1085440K
  class space    used 5683K, capacity 6077K, committed 6144K, reserved 1048576K
}
Event: 17.735 GC heap after
{Heap after GC invocations=32 (full 0):
 garbage-first heap   total 219136K, used 99787K [0x0000000701c00000, 0x0000000800000000)
  region size 1024K, 1 young (1024K), 1 survivors (1024K)
 Metaspace       used 41456K, capacity 42415K, committed 42668K, reserved 1085440K
  class space    used 5683K, capacity 6077K, committed 6144K, reserved 1048576K
}

Deoptimization events (10 events):
Event: 31.902 Thread 0x000001e93229a800 Uncommon trap: reason=unstable_if action=reinterpret pc=0x000001e91cb877f4 method=java.awt.Component.setFont(Ljava/awt/Font;)V @ 28 c2
Event: 31.902 Thread 0x000001e93229a800 Uncommon trap: reason=unstable_if action=reinterpret pc=0x000001e91c9756a8 method=java.awt.Component.setForeground(Ljava/awt/Color;)V @ 16 c2
Event: 31.902 Thread 0x000001e93229a800 Uncommon trap: reason=unstable_if action=reinterpret pc=0x000001e91cb888c8 method=java.awt.Component.setFont(Ljava/awt/Font;)V @ 28 c2
Event: 31.907 Thread 0x000001e93229a800 Uncommon trap: reason=unstable_if action=reinterpret pc=0x000001e91cb7da68 method=sun.swing.SwingUtilities2.getLeftSideBearing(Ljavax/swing/JComponent;Ljava/awt/FontMetrics;C)I @ 5 c2
Event: 31.940 Thread 0x000001e93229a800 Uncommon trap: reason=unstable_if action=reinterpret pc=0x000001e91cbf61e4 method=sun.java2d.marlin.MarlinCache.copyAARowRLE_WithBlockFlags([I[IIII)V @ 462 c2
Event: 31.946 Thread 0x000001e93229a800 Uncommon trap: reason=unstable_if action=reinterpret pc=0x000001e91cc00484 method=java.awt.GradientPaintContext.<init>(Ljava/awt/image/ColorModel;Ljava/awt/geom/Point2D;Ljava/awt/geom/Point2D;Ljava/awt/geom/AffineTransform;Ljava/awt/Color;Ljava/awt/Color;
Event: 31.947 Thread 0x000001e93229a800 Uncommon trap: reason=profile_predicate action=maybe_recompile pc=0x000001e91cb335d8 method=java.awt.GradientPaintContext.<init>(Ljava/awt/image/ColorModel;Ljava/awt/geom/Point2D;Ljava/awt/geom/Point2D;Ljava/awt/geom/AffineTransform;Ljava/awt/Color;Ljava/
Event: 31.948 Thread 0x000001e93229a800 Uncommon trap: reason=profile_predicate action=maybe_recompile pc=0x000001e91cb335d8 method=java.awt.GradientPaintContext.<init>(Ljava/awt/image/ColorModel;Ljava/awt/geom/Point2D;Ljava/awt/geom/Point2D;Ljava/awt/geom/AffineTransform;Ljava/awt/Color;Ljava/
Event: 31.949 Thread 0x000001e93229a800 Uncommon trap: reason=profile_predicate action=maybe_recompile pc=0x000001e91cb335d8 method=java.awt.GradientPaintContext.<init>(Ljava/awt/image/ColorModel;Ljava/awt/geom/Point2D;Ljava/awt/geom/Point2D;Ljava/awt/geom/AffineTransform;Ljava/awt/Color;Ljava/
Event: 31.949 Thread 0x000001e93229a800 Uncommon trap: reason=profile_predicate action=maybe_recompile pc=0x000001e91cb335d8 method=java.awt.GradientPaintContext.<init>(Ljava/awt/image/ColorModel;Ljava/awt/geom/Point2D;Ljava/awt/geom/Point2D;Ljava/awt/geom/AffineTransform;Ljava/awt/Color;Ljava/

Classes redefined (0 events):
No events

Internal exceptions (10 events):
Event: 15.346 Thread 0x000001e93229a800 Implicit null exception at 0x000001e91ca2af87 to 0x000001e91ca2b3a2
Event: 16.270 Thread 0x000001e93229a800 Implicit null exception at 0x000001e91ca3a92a to 0x000001e91ca41a02
Event: 17.645 Thread 0x000001e93229a800 Implicit null exception at 0x000001e91cabea22 to 0x000001e91cac01a6
Event: 17.646 Thread 0x000001e93229a800 Implicit null exception at 0x000001e91cb33f03 to 0x000001e91cb3a3fe
Event: 17.666 Thread 0x000001e93229a800 Implicit null exception at 0x000001e91c9768c8 to 0x000001e91c9771be
Event: 17.667 Thread 0x000001e93229a800 Implicit null exception at 0x000001e91c97cd86 to 0x000001e91c97d56e
Event: 31.633 Thread 0x000001e93229a800 Implicit null exception at 0x000001e91c8ed8cd to 0x000001e91c8eeb6a
Event: 31.883 Thread 0x000001e9349d5000 Exception <a 'java/lang/NullPointerException'{0x000000070e5194b0}> (0x000000070e5194b0) thrown at [t:/workspace/open/src/hotspot/share/interpreter/linkResolver.cpp, line 1356]
Event: 31.946 Thread 0x000001e9349d5000 Exception <a 'java/lang/NoSuchMethodError'{0x000000070e128938}: java.lang.invoke.DirectMethodHandle$Holder.invokeSpecial(Ljava/lang/Object;Ljava/lang/Object;Ljava/lang/Object;Ljava/lang/Object;)I> (0x000000070e128938) thrown at [t:/workspace/open/src/hots
Event: 32.022 Thread 0x000001e9349d5000 Exception <a 'java/lang/NoSuchMethodError'{0x000000070dca8a50}: fwkIsMainThread> (0x000000070dca8a50) thrown at [t:/workspace/open/src/hotspot/share/prims/jni.cpp, line 1331]

Events (10 events):
Event: 32.012 loading class com/sun/javafx/webkit/Accessor
Event: 32.012 loading class com/sun/javafx/webkit/Accessor done
Event: 32.012 loading class com/sun/javafx/webkit/theme/ScrollBarWidget
Event: 32.012 loading class com/sun/javafx/webkit/theme/ScrollBarWidget done
Event: 32.012 loading class com/sun/javafx/webkit/Accessor
Event: 32.012 loading class com/sun/javafx/webkit/Accessor done
Event: 32.013 loading class com/sun/javafx/webkit/theme/ScrollBarThemeImpl$1
Event: 32.013 loading class com/sun/javafx/webkit/theme/ScrollBarThemeImpl$1 done
Event: 32.022 loading class com/sun/webkit/MainThread
Event: 32.022 loading class com/sun/webkit/MainThread done


Dynamic libraries:
0x00007ff793600000 - 0x00007ff79360f000 	C:\Program Files\Java\jdk-12\bin\java.exe
0x00007ffc1c810000 - 0x00007ffc1ca05000 	C:\WINDOWS\SYSTEM32\ntdll.dll
0x00007ffc1c660000 - 0x00007ffc1c71e000 	C:\WINDOWS\System32\KERNEL32.DLL
0x00007ffc1a1d0000 - 0x00007ffc1a498000 	C:\WINDOWS\System32\KERNELBASE.dll
0x00007ffc1a0d0000 - 0x00007ffc1a1d0000 	C:\WINDOWS\System32\ucrtbase.dll
0x00007ffc14960000 - 0x00007ffc14976000 	C:\Program Files\Java\jdk-12\bin\VCRUNTIME140.dll
0x00007ffc150a0000 - 0x00007ffc150b8000 	C:\Program Files\Java\jdk-12\bin\jli.dll
0x00007ffc1c040000 - 0x00007ffc1c0ee000 	C:\WINDOWS\System32\ADVAPI32.dll
0x00007ffc1b0c0000 - 0x00007ffc1b15e000 	C:\WINDOWS\System32\msvcrt.dll
0x00007ffc1b3a0000 - 0x00007ffc1b43c000 	C:\WINDOWS\System32\sechost.dll
0x00007ffc1b9d0000 - 0x00007ffc1baf5000 	C:\WINDOWS\System32\RPCRT4.dll
0x00007ffc1c0f0000 - 0x00007ffc1c291000 	C:\WINDOWS\System32\USER32.dll
0x00007ffc1a4a0000 - 0x00007ffc1a4c2000 	C:\WINDOWS\System32\win32u.dll
0x00007ffc0d6b0000 - 0x00007ffc0d94a000 	C:\WINDOWS\WinSxS\amd64_microsoft.windows.common-controls_6595b64144ccf1df_6.0.19041.1110_none_60b5254171f9507e\COMCTL32.dll
0x00007ffc1bcb0000 - 0x00007ffc1bcdb000 	C:\WINDOWS\System32\GDI32.dll
0x00007ffc19f20000 - 0x00007ffc1a02d000 	C:\WINDOWS\System32\gdi32full.dll
0x00007ffc1a030000 - 0x00007ffc1a0cd000 	C:\WINDOWS\System32\msvcp_win.dll
0x00007ffc12bb0000 - 0x00007ffc12bba000 	C:\WINDOWS\SYSTEM32\VERSION.dll
0x00007ffc1c7a0000 - 0x00007ffc1c7d0000 	C:\WINDOWS\System32\IMM32.DLL
0x00007ffbcc1b0000 - 0x00007ffbcc25a000 	C:\Program Files\Java\jdk-12\bin\msvcp140.dll
0x00007ffbbceb0000 - 0x00007ffbbda24000 	C:\Program Files\Java\jdk-12\bin\server\jvm.dll
0x00007ffc1a850000 - 0x00007ffc1a858000 	C:\WINDOWS\System32\PSAPI.DLL
0x00007ffc0d680000 - 0x00007ffc0d6a7000 	C:\WINDOWS\SYSTEM32\WINMM.dll
0x00007ffc0e050000 - 0x00007ffc0e059000 	C:\WINDOWS\SYSTEM32\WSOCK32.dll
0x00007ffc1c730000 - 0x00007ffc1c79b000 	C:\WINDOWS\System32\WS2_32.dll
0x00007ffc17e10000 - 0x00007ffc17e22000 	C:\WINDOWS\SYSTEM32\kernel.appcore.dll
0x00007ffc14100000 - 0x00007ffc14111000 	C:\Program Files\Java\jdk-12\bin\verify.dll
0x00007ffc0a700000 - 0x00007ffc0a8e4000 	C:\WINDOWS\SYSTEM32\DBGHELP.DLL
0x00007ffc0b1d0000 - 0x00007ffc0b1fc000 	C:\WINDOWS\SYSTEM32\dbgcore.DLL
0x00007ffc1a710000 - 0x00007ffc1a792000 	C:\WINDOWS\System32\bcryptPrimitives.dll
0x00007ffc13230000 - 0x00007ffc13256000 	C:\Program Files\Java\jdk-12\bin\java.dll
0x00007ffc140c0000 - 0x00007ffc140d7000 	C:\Program Files\Java\jdk-12\bin\zip.dll
0x00007ffc14a00000 - 0x00007ffc14a0a000 	C:\Program Files\Java\jdk-12\bin\jimage.dll
0x00007ffc1a910000 - 0x00007ffc1b054000 	C:\WINDOWS\System32\SHELL32.dll
0x00007ffc18010000 - 0x00007ffc187a5000 	C:\WINDOWS\SYSTEM32\windows.storage.dll
0x00007ffc1bce0000 - 0x00007ffc1c035000 	C:\WINDOWS\System32\combase.dll
0x00007ffc198a0000 - 0x00007ffc198ce000 	C:\WINDOWS\SYSTEM32\Wldp.dll
0x00007ffc1b4a0000 - 0x00007ffc1b54d000 	C:\WINDOWS\System32\SHCORE.dll
0x00007ffc1b210000 - 0x00007ffc1b265000 	C:\WINDOWS\System32\shlwapi.dll
0x00007ffc19e60000 - 0x00007ffc19e7f000 	C:\WINDOWS\SYSTEM32\profapi.dll
0x00007ffc10d70000 - 0x00007ffc10d89000 	C:\Program Files\Java\jdk-12\bin\net.dll
0x00007ffc11300000 - 0x00007ffc1140c000 	C:\WINDOWS\SYSTEM32\WINHTTP.dll
0x00007ffc0c270000 - 0x00007ffc0c45b000 	C:\WINDOWS\SYSTEM32\urlmon.dll
0x00007ffc0bbd0000 - 0x00007ffc0be80000 	C:\WINDOWS\SYSTEM32\iertutil.dll
0x00007ffc19400000 - 0x00007ffc1940c000 	C:\WINDOWS\SYSTEM32\netutils.dll
0x00007ffc0be90000 - 0x00007ffc0beb8000 	C:\WINDOWS\SYSTEM32\srvcli.dll
0x00007ffc19600000 - 0x00007ffc1966a000 	C:\WINDOWS\system32\mswsock.dll
0x00007ffc04ed0000 - 0x00007ffc04ee3000 	C:\Program Files\Java\jdk-12\bin\nio.dll
0x00007ffbc47e0000 - 0x00007ffbc497f000 	C:\Program Files\Java\jdk-12\bin\awt.dll
0x00007ffc1bbe0000 - 0x00007ffc1bcad000 	C:\WINDOWS\System32\OLEAUT32.dll
0x00007ffc164f0000 - 0x00007ffc16ab0000 	C:\WINDOWS\SYSTEM32\d2d1.dll
0x00007ffc17860000 - 0x00007ffc178f0000 	C:\WINDOWS\SYSTEM32\apphelp.dll
0x00007ffc17930000 - 0x00007ffc179ce000 	C:\WINDOWS\system32\uxtheme.dll
0x00007ffc1b270000 - 0x00007ffc1b385000 	C:\WINDOWS\System32\MSCTF.dll
0x00007ffc1c530000 - 0x00007ffc1c65a000 	C:\WINDOWS\System32\ole32.dll
0x00007ffc17c30000 - 0x00007ffc17c5f000 	C:\WINDOWS\system32\DWMAPI.DLL
0x00007ffc06c30000 - 0x00007ffc06ce0000 	C:\WINDOWS\WinSxS\amd64_microsoft.windows.common-controls_6595b64144ccf1df_5.82.19041.1110_none_792d1c772443f647\comctl32.dll
0x00007ffbcc130000 - 0x00007ffbcc1b0000 	C:\Program Files\Java\jdk-12\bin\freetype.dll
0x00007ffbc9570000 - 0x00007ffbc95df000 	C:\Program Files\Java\jdk-12\bin\fontmanager.dll
0x00007ffbf9840000 - 0x00007ffbf9965000 	C:\WINDOWS\system32\opengl32.dll
0x00007ffc14230000 - 0x00007ffc1425c000 	C:\WINDOWS\SYSTEM32\GLU32.dll
0x00007ffc1a860000 - 0x00007ffc1a909000 	C:\WINDOWS\System32\clbcatq.dll
0x00007ffc15ab0000 - 0x00007ffc15ba6000 	C:\WINDOWS\SYSTEM32\PROPSYS.dll
0x00007ffbf2760000 - 0x00007ffbf2777000 	C:\WINDOWS\system32\NetworkExplorer.dll
0x00007ffc1a7a0000 - 0x00007ffc1a7ee000 	C:\WINDOWS\System32\CFGMGR32.dll
0x00007ffbfb490000 - 0x00007ffbfb4ad000 	C:\WINDOWS\SYSTEM32\MPR.dll
0x00007ffc07d10000 - 0x00007ffc07d1b000 	C:\WINDOWS\System32\drprov.dll
0x00007ffc19c60000 - 0x00007ffc19cba000 	C:\WINDOWS\System32\WINSTA.dll
0x00007ffbf2290000 - 0x00007ffbf22b1000 	C:\WINDOWS\System32\ntlanman.dll
0x00007ffbf2b10000 - 0x00007ffbf2b2e000 	C:\WINDOWS\System32\davclnt.dll
0x00007ffc07a90000 - 0x00007ffc07a9d000 	C:\WINDOWS\System32\DAVHLPR.dll
0x00007ffc190a0000 - 0x00007ffc190b9000 	C:\WINDOWS\System32\wkscli.dll
0x00007ffc06c00000 - 0x00007ffc06c12000 	C:\WINDOWS\SYSTEM32\cscapi.dll
0x00007ffbf4c70000 - 0x00007ffbf4cc6000 	C:\Windows\System32\dlnashext.dll
0x00007ffbe8410000 - 0x00007ffbe8474000 	C:\Windows\System32\PlayToDevice.dll
0x00007ffbfa0f0000 - 0x00007ffbfa110000 	C:\Windows\System32\DevDispItemProvider.dll
0x00007ffc12210000 - 0x00007ffc12295000 	C:\WINDOWS\System32\MMDevApi.dll
0x00007ffc19c10000 - 0x00007ffc19c44000 	C:\WINDOWS\System32\DEVOBJ.dll
0x00007ffbf0c20000 - 0x00007ffbf0cc1000 	C:\WINDOWS\system32\wpdshext.dll
0x00007ffc069e0000 - 0x00007ffc06b89000 	C:\WINDOWS\WinSxS\amd64_microsoft.windows.gdiplus_6595b64144ccf1df_1.1.19041.1466_none_91a4907ccc87e3b8\gdiplus.dll
0x00007ffc0a9d0000 - 0x00007ffc0b169000 	C:\Windows\System32\OneCoreUAPCommonProxyStub.dll
0x00007ffbed2f0000 - 0x00007ffbed393000 	C:\Windows\System32\PortableDeviceApi.dll
0x00007ffc1b550000 - 0x00007ffc1b9c2000 	C:\WINDOWS\System32\SETUPAPI.dll
0x00007ffc1a630000 - 0x00007ffc1a657000 	C:\WINDOWS\System32\bcrypt.dll
0x00007ffc1a7f0000 - 0x00007ffc1a850000 	C:\WINDOWS\System32\WINTRUST.dll
0x00007ffc1a4d0000 - 0x00007ffc1a626000 	C:\WINDOWS\System32\CRYPT32.dll
0x00007ffc19a30000 - 0x00007ffc19a42000 	C:\WINDOWS\System32\MSASN1.dll
0x00007ffbef2d0000 - 0x00007ffbef307000 	C:\Windows\System32\EhStorShell.dll
0x00007ffbefa80000 - 0x00007ffbefaa6000 	C:\Windows\System32\EhStorAPI.dll
0x00007ffc13da0000 - 0x00007ffc13db4000 	C:\Windows\System32\WTSAPI32.dll
0x00007ffc10840000 - 0x00007ffc1084d000 	C:\WINDOWS\SYSTEM32\LINKINFO.dll
0x00007ffc15a20000 - 0x00007ffc15a2e000 	C:\Program Files\Java\jdk-12\bin\sunmscapi.dll
0x00007ffc19910000 - 0x00007ffc19937000 	C:\WINDOWS\SYSTEM32\ncrypt.dll
0x00007ffc198d0000 - 0x00007ffc1990b000 	C:\WINDOWS\SYSTEM32\NTASN1.dll
0x00007ffbfb4c0000 - 0x00007ffbfb4e7000 	C:\Program Files\Java\jdk-12\bin\sunec.dll
0x00007ffc05f60000 - 0x00007ffc06114000 	C:\WINDOWS\SYSTEM32\WindowsCodecs.dll
0x00007ffbfab20000 - 0x00007ffbfab5e000 	C:\WINDOWS\system32\dataexchange.dll
0x00007ffc16ab0000 - 0x00007ffc16c95000 	C:\WINDOWS\system32\dcomp.dll
0x00007ffc16280000 - 0x00007ffc164e4000 	C:\WINDOWS\system32\d3d11.dll
0x00007ffc18930000 - 0x00007ffc18a24000 	C:\WINDOWS\system32\dxgi.dll
0x00007ffc122a0000 - 0x00007ffc124a1000 	C:\WINDOWS\system32\twinapi.appcore.dll
0x000001e938930000 - 0x000001e938933000 	C:\Program Files\Java\jdk-12\bin\api-ms-win-core-console-l1-1-0.dll
0x000001e938940000 - 0x000001e938943000 	C:\Program Files\Java\jdk-12\bin\api-ms-win-core-datetime-l1-1-0.dll
0x000001e938950000 - 0x000001e938953000 	C:\Program Files\Java\jdk-12\bin\api-ms-win-core-debug-l1-1-0.dll
0x000001e938960000 - 0x000001e938963000 	C:\Program Files\Java\jdk-12\bin\api-ms-win-core-errorhandling-l1-1-0.dll
0x000001e938970000 - 0x000001e938974000 	C:\Program Files\Java\jdk-12\bin\api-ms-win-core-file-l1-1-0.dll
0x000001e938980000 - 0x000001e938983000 	C:\Program Files\Java\jdk-12\bin\api-ms-win-core-file-l1-2-0.dll
0x000001e938990000 - 0x000001e938993000 	C:\Program Files\Java\jdk-12\bin\api-ms-win-core-file-l2-1-0.dll
0x000001e9389a0000 - 0x000001e9389a3000 	C:\Program Files\Java\jdk-12\bin\api-ms-win-core-handle-l1-1-0.dll
0x000001e9389b0000 - 0x000001e9389b3000 	C:\Program Files\Java\jdk-12\bin\api-ms-win-core-heap-l1-1-0.dll
0x000001e9389c0000 - 0x000001e9389c3000 	C:\Program Files\Java\jdk-12\bin\api-ms-win-core-interlocked-l1-1-0.dll
0x000001e9389d0000 - 0x000001e9389d3000 	C:\Program Files\Java\jdk-12\bin\api-ms-win-core-libraryloader-l1-1-0.dll
0x000001e9389e0000 - 0x000001e9389e3000 	C:\Program Files\Java\jdk-12\bin\api-ms-win-core-localization-l1-2-0.dll
0x000001e9389f0000 - 0x000001e9389f3000 	C:\Program Files\Java\jdk-12\bin\api-ms-win-core-memory-l1-1-0.dll
0x000001e938a00000 - 0x000001e938a03000 	C:\Program Files\Java\jdk-12\bin\api-ms-win-core-namedpipe-l1-1-0.dll
0x000001e938a10000 - 0x000001e938a13000 	C:\Program Files\Java\jdk-12\bin\api-ms-win-core-processenvironment-l1-1-0.dll
0x000001e938a20000 - 0x000001e938a23000 	C:\Program Files\Java\jdk-12\bin\api-ms-win-core-processthreads-l1-1-0.dll
0x000001e938a30000 - 0x000001e938a33000 	C:\Program Files\Java\jdk-12\bin\api-ms-win-core-processthreads-l1-1-1.dll
0x000001e938a40000 - 0x000001e938a43000 	C:\Program Files\Java\jdk-12\bin\api-ms-win-core-profile-l1-1-0.dll
0x000001e938a50000 - 0x000001e938a53000 	C:\Program Files\Java\jdk-12\bin\api-ms-win-core-rtlsupport-l1-1-0.dll
0x000001e938a60000 - 0x000001e938a63000 	C:\Program Files\Java\jdk-12\bin\api-ms-win-core-string-l1-1-0.dll
0x000001e938a70000 - 0x000001e938a73000 	C:\Program Files\Java\jdk-12\bin\api-ms-win-core-synch-l1-1-0.dll
0x000001e938a80000 - 0x000001e938a83000 	C:\Program Files\Java\jdk-12\bin\api-ms-win-core-synch-l1-2-0.dll
0x000001e938a90000 - 0x000001e938a93000 	C:\Program Files\Java\jdk-12\bin\api-ms-win-core-sysinfo-l1-1-0.dll
0x000001e938aa0000 - 0x000001e938aa3000 	C:\Program Files\Java\jdk-12\bin\api-ms-win-core-timezone-l1-1-0.dll
0x000001e938ab0000 - 0x000001e938ab3000 	C:\Program Files\Java\jdk-12\bin\api-ms-win-core-util-l1-1-0.dll
0x000001e938ac0000 - 0x000001e938ac3000 	C:\Program Files\Java\jdk-12\bin\api-ms-win-crt-conio-l1-1-0.dll
0x000001e938ad0000 - 0x000001e938ad4000 	C:\Program Files\Java\jdk-12\bin\api-ms-win-crt-convert-l1-1-0.dll

dbghelp: loaded successfully - version: 4.0.5 - missing functions: none
symbol engine: initialized successfully - sym options: 0x614 - pdb path: .;C:\Program Files\Java\jdk-12\bin;C:\WINDOWS\SYSTEM32;C:\WINDOWS\WinSxS\amd64_microsoft.windows.common-controls_6595b64144ccf1df_6.0.19041.1110_none_60b5254171f9507e;C:\Program Files\Java\jdk-12\bin\server;C:\WINDOWS\WinSxS\amd64_microsoft.windows.common-controls_6595b64144ccf1df_5.82.19041.1110_none_792d1c772443f647;C:\WINDOWS\WinSxS\amd64_microsoft.windows.gdiplus_6595b64144ccf1df_1.1.19041.1466_none_91a4907ccc87e3b8;C:\Program Files\BellSoft\LibericaJDK-15-Full\bin;C:\WINDOWS\System32\DriverStore\FileRepository\iigd_dch.inf_amd64_a086f01cc7be643a

VM Arguments:
jvm_args: -Dfile.encoding=UTF-8 
java_command: simrskhanza.SIMRSKhanza
java_class_path (initial): D:\AAZZ\Software\lib\ant-1.7.1.jar;D:\AAZZ\Software\lib\apache-httpcomponents-httpclient.jar;D:\AAZZ\Software\lib\appframework-1.0.3.jar;D:\AAZZ\Software\lib\barbecue-1.5-beta1.jar;D:\AAZZ\Software\lib\batik-dom.jar;D:\AAZZ\Software\lib\groovy-all-2.4.7.jar;D:\AAZZ\Software\lib\bcel-5.2.jar;D:\AAZZ\Software\lib\bcprov-jdk15on-154.jar;D:\AAZZ\Software\lib\poi-4.1.0.jar;D:\AAZZ\Software\lib\beansbinding-1.2.1.jar;D:\AAZZ\Software\lib\bsh-2.0b4.jar;D:\AAZZ\Software\lib\calendar-doc.jar;D:\AAZZ\Software\lib\calendar-src.jar;D:\AAZZ\Software\lib\calendar.jar;D:\AAZZ\Software\lib\com-jaspersoft-ireport.jar;D:\AAZZ\Software\lib\com.fasterxml.jackson.core.jar;D:\AAZZ\Software\lib\comm.jar;D:\AAZZ\Software\lib\common-javaFX-plugin.jar;D:\AAZZ\Software\lib\commons-codec-1.10.jar;D:\AAZZ\Software\lib\commons-javaflow-20060411.jar;D:\AAZZ\Software\lib\commons-logging-1.2.jar;D:\AAZZ\Software\lib\fluent-hc-4.5.1.jar;D:\AAZZ\Software\lib\fontbox-2.0.13.jar;D:\AAZZ\Software\lib\gson-2.2.2.jar;D:\AAZZ\Software\lib\hibernate3.jar;D:\AAZZ\Software\lib\hsqldb-1.8.0-10.jar;D:\AAZZ\Software\lib\httpclient-4.5.1.jar;D:\AAZZ\Software\lib\httpclient-cache-4.5.1.jar;D:\AAZZ\Software\lib\httpclient-win-4.5.1.jar;D:\AAZZ\Software\lib\httpcore-4.4.3.jar;D:\AAZZ\Software\lib\httpmime-4.5.1.jar;D:\AAZZ\Software\lib\iReport.jar;D:\AAZZ\Software\lib\jackson-all-1.9.0.jar;D:\AAZZ\Software\lib\java-json.jar;D:\AAZZ\Software\lib\javaFX-jps-plugin.jar;D:\AAZZ\Software\lib\javaFX.jar;D:\AAZZ\Software\lib\jaxen-1.1.1.jar;D:\AAZZ\Software\lib\jcalendar-1.4.jar;D:\AAZZ\Software\lib\jcommon-1.0.15.jar;D:\AAZZ\Software\lib\jdt-compiler-3.1.1.jar;D:\AAZZ\Software\lib\jfreechart-1.0.12.jar;D:\AAZZ\Software\lib\jl1.0.jar;D:\AAZZ\Software\lib\jna-4.1.0.jar;D:\AAZZ\Software\lib\jna-platform-4.1.0.jar;D:\AAZZ\Software\lib\jpa.jar;D:\AAZZ\Software\lib\junit-4.12.jar;D:\AAZZ\Software\lib\KhanzaSecurity16bit.jar;D:\AAZZ\Software\lib\log4j-1.2.15.jar;D:\AAZZ\Software\lib\mondrian-3.1.1.12
Launcher Type: SUN_STANDARD

[Global flags]
     intx CICompilerCount                          = 4                                         {product} {ergonomic}
     uint ConcGCThreads                            = 2                                         {product} {ergonomic}
     uint G1ConcRefinementThreads                  = 8                                         {product} {ergonomic}
   size_t G1HeapRegionSize                         = 1048576                                   {product} {ergonomic}
    uintx GCDrainStackTargetSize                   = 64                                        {product} {ergonomic}
   size_t InitialHeapSize                          = 268435456                                 {product} {ergonomic}
   size_t MarkStackSize                            = 4194304                                   {product} {ergonomic}
   size_t MaxHeapSize                              = 4265607168                                {product} {ergonomic}
   size_t MaxNewSize                               = 2558525440                                {product} {ergonomic}
   size_t MinHeapDeltaBytes                        = 1048576                                   {product} {ergonomic}
    uintx NonNMethodCodeHeapSize                   = 5836300                                {pd product} {ergonomic}
    uintx NonProfiledCodeHeapSize                  = 122910970                              {pd product} {ergonomic}
    uintx ProfiledCodeHeapSize                     = 122910970                              {pd product} {ergonomic}
    uintx ReservedCodeCacheSize                    = 251658240                              {pd product} {ergonomic}
     bool SegmentedCodeCache                       = true                                      {product} {ergonomic}
     bool UseCompressedClassPointers               = true                                 {lp64_product} {ergonomic}
     bool UseCompressedOops                        = true                                 {lp64_product} {ergonomic}
     bool UseG1GC                                  = true                                      {product} {ergonomic}
     bool UseLargePagesIndividualAllocation        = false                                  {pd product} {ergonomic}

Logging:
Log output configuration:
 #0: stdout all=warning uptime,level,tags
 #1: stderr all=off uptime,level,tags

Environment Variables:
JAVA_HOME=C:\Program Files\BellSoft\LibericaJDK-15-Full\
PATH=C:\Program Files\BellSoft\LibericaJDK-15-Full\bin\;D:\Program Files (x86)\VMware\bin\;C:\Users\ZAKENMV\AppData\Local\Programs\Python\Python310\Scripts\;C:\Users\ZAKENMV\AppData\Local\Programs\Python\Python310\;D:\Program Files\BellSoft\bin\;D:\Program Files (x86)\PHP\;C:\Program Files (x86)\Common Files\Oracle\Java\javapath;C:\WINDOWS\system32;C:\WINDOWS;C:\WINDOWS\System32\Wbem;C:\WINDOWS\System32\WindowsPowerShell\v1.0\;C:\WINDOWS\System32\OpenSSH\;D:\Program Files\Git\cmd;D:\Program Files\PuTTY\;C:\Users\ZAKENMV\AppData\Local\Programs\Python\Python310;C:\composer;C:\ProgramData\chocolatey\bin;C:\Program Files\nodejs\;C:\Users\ZAKENMV\AppData\Local\Microsoft\WindowsApps;D:\Users\ZAKENMV\AppData\Local\Programs\Microsoft VS Code\bin;D:\xampp\php;C:\Users\ZAKENMV\AppData\Roaming\Composer\vendor\bin;C:\Users\ZAKENMV\AppData\Roaming\npm
USERNAME=ZAKENMV
OS=Windows_NT
PROCESSOR_IDENTIFIER=Intel64 Family 6 Model 158 Stepping 9, GenuineIntel



---------------  S Y S T E M  ---------------

OS: Windows 10 , 64 bit Build 19041 (10.0.19041.1466)

CPU:total 8 (initial active 8) (4 cores per cpu, 2 threads per core) family 6 model 158 stepping 9, cmov, cx8, fxsr, mmx, sse, sse2, sse3, ssse3, sse4.1, sse4.2, popcnt, avx, avx2, aes, clmul, erms, 3dnowpref, lzcnt, ht, tsc, tscinvbit, bmi1, bmi2, adx, fma

Memory: 4k page, system-wide physical 16267M (5907M free)
TotalPageFile size 22155M (AvailPageFile size 6726M)
current process WorkingSet (physical memory assigned to process): 355M, peak: 379M
current process commit charge ("private bytes"): 439M, peak: 475M

vm_info: Java HotSpot(TM) 64-Bit Server VM (12+33) for windows-amd64 JRE (12+33), built on Feb 21 2019 02:31:50 by "mach5one" with MS VC++ 15.5 (VS2017)

END.
