#
# A fatal error has been detected by the Java Runtime Environment:
#
#  EXCEPTION_ACCESS_VIOLATION (0xc0000005) at pc=0x00007ffbbd294aa9, pid=14448, tid=8056
#
# JRE version: Java(TM) SE Runtime Environment (12.0+33) (build 12+33)
# Java VM: Java HotSpot(TM) 64-Bit Server VM (12+33, mixed mode, sharing, tiered, compressed oops, g1 gc, windows-amd64)
# Problematic frame:
# V  [jvm.dll+0x3e4aa9]
#
# No core dump will be written. Minidumps are not enabled by default on client versions of Windows
#
# If you would like to submit a bug report, please visit:
#   http://bugreport.java.com/bugreport/crash.jsp
#

---------------  S U M M A R Y ------------

Command Line: -Dfile.encoding=UTF-8 simrskhanza.SIMRSKhanza

Host: Intel(R) Core(TM) i7-7700HQ CPU @ 2.80GHz, 8 cores, 15G,  Windows 10 , 64 bit Build 19041 (10.0.19041.1466)
Time: Thu May 12 11:37:28 2022 SE Asia Standard Time elapsed time: 30 seconds (0d 0h 0m 30s)

---------------  T H R E A D  ---------------

Current thread (0x000001eacbce0800):  JavaThread "JavaFX Application Thread" [_thread_in_vm, id=8056, stack(0x0000006368800000,0x0000006368900000)]

Stack: [0x0000006368800000,0x0000006368900000],  sp=0x00000063688fdc70,  free space=1015k
Native frames: (J=compiled Java code, j=interpreted, Vv=VM code, C=native code)
V  [jvm.dll+0x3e4aa9]
C  0x00007ffb9badb1b0

Java frames: (J=compiled Java code, j=interpreted, Vv=VM code)
j  com.sun.webkit.WebPage.twkCreatePage(Z)J+0
j  com.sun.webkit.WebPage.<init>(Lcom/sun/webkit/WebPageClient;Lcom/sun/webkit/UIClient;Lcom/sun/webkit/PolicyClient;Lcom/sun/webkit/InspectorClient;Lcom/sun/webkit/ThemeClient;Z)V+177
j  javafx.scene.web.WebEngine.<init>(Ljava/lang/String;Z)V+270
j  javafx.scene.web.WebEngine.<init>()V+3
j  javafx.scene.web.WebView.<init>()V+60
j  bridging.INACBGHybrid$3.run()V+4
j  com.sun.javafx.application.PlatformImpl.lambda$runLater$10(Ljava/lang/Runnable;)Ljava/lang/Void;+1
j  com.sun.javafx.application.PlatformImpl$$Lambda$237.run()Ljava/lang/Object;+4
J 2013 c1 java.security.AccessController.doPrivileged(Ljava/security/PrivilegedAction;Ljava/security/AccessControlContext;)Ljava/lang/Object; java.base@12 (17 bytes) @ 0x000001eaacdd5e04 [0x000001eaacdd5c20+0x00000000000001e4]
j  com.sun.javafx.application.PlatformImpl.lambda$runLater$11(Ljava/lang/Runnable;Ljava/security/AccessControlContext;)V+7
j  com.sun.javafx.application.PlatformImpl$$Lambda$236.run()V+8
j  com.sun.glass.ui.InvokeLaterDispatcher$Future.run()V+4
v  ~StubRoutines::call_stub
j  com.sun.glass.ui.win.WinApplication._runLoop(Ljava/lang/Runnable;)V+0
j  com.sun.glass.ui.win.WinApplication.lambda$runLoop$3(ILjava/lang/Runnable;)V+8
j  com.sun.glass.ui.win.WinApplication$$Lambda$223.run()V+12
j  java.lang.Thread.run()V+11 java.base@12
v  ~StubRoutines::call_stub

siginfo: EXCEPTION_ACCESS_VIOLATION (0xc0000005), reading address 0x0000000000000000


Register to memory mapping:

RIP=0x00007ffbbd294aa9 jvm.dll
RAX=0x0 is NULL
RBX=0x000001eacbce0800 is a thread
RCX=0x5e7cd8dcb08f0000 is an unknown value
RDX=0x0000000000000006 is an unknown value
RSP=0x00000063688fdc70 is pointing into the stack for thread: 0x000001eacbce0800
RBP=0x000001eac97e4450 is a global jni handle
RSI=0x000001eacff22700 points into unknown readable memory: 65 77 56 69 65 77 ff ff
RDI=0x000001eacbce0800 is a thread
R8 =0x0 is NULL
R9 =0x00000063688fdd78 is pointing into the stack for thread: 0x000001eacbce0800
R10=0x00007ffbbd294a20 jvm.dll
R11=0x00000063688fdc68 is pointing into the stack for thread: 0x000001eacbce0800
R12=0x00000063688fdd78 is pointing into the stack for thread: 0x000001eacbce0800
R13=0x0 is NULL
R14=0x000001eacbce0b30 points into unknown readable memory: e0 1d 8c bd fb 7f 00 00
R15=0x0 is NULL


Registers:
RAX=0x0000000000000000, RBX=0x000001eacbce0800, RCX=0x5e7cd8dcb08f0000, RDX=0x0000000000000006
RSP=0x00000063688fdc70, RBP=0x000001eac97e4450, RSI=0x000001eacff22700, RDI=0x000001eacbce0800
R8 =0x0000000000000000, R9 =0x00000063688fdd78, R10=0x00007ffbbd294a20, R11=0x00000063688fdc68
R12=0x00000063688fdd78, R13=0x0000000000000000, R14=0x000001eacbce0b30, R15=0x0000000000000000
RIP=0x00007ffbbd294aa9, EFLAGS=0x0000000000010206

Top of Stack: (sp=0x00000063688fdc70)
0x00000063688fdc70:   000001eacbce0800 000001eacff22700
0x00000063688fdc80:   0000000000000000 000001eacbce0b30
0x00000063688fdc90:   00007ffb9d2dc500 00007ffc1a0e2690
0x00000063688fdca0:   00007ffb9f02ab38 000001eacff227c0
0x00000063688fdcb0:   0000000000009b79 00007ffbbcfb9eae
0x00000063688fdcc0:   000001eacbce0800 000001eacc001120
0x00000063688fdcd0:   000001ea00000533 00007ffbbd75b338
0x00000063688fdce0:   00000063688feab0 00007ffbbd29a999
0x00000063688fdcf0:   000001eacbce0b30 000001eacbce0800
0x00000063688fdd00:   00007ffb244128c7 00007ffb9d2d5a10
0x00000063688fdd10:   000001eacde7ba80 00007ffb9f28d238
0x00000063688fdd20:   0000000000000000 00007ffb9badb1b0
0x00000063688fdd30:   000001eacd80e388 00007ffb9f23d7f0
0x00000063688fdd40:   000001eacff227c0 000001eacbce0b30
0x00000063688fdd50:   000001eacbce0b30 00007ffb9d126725
0x00000063688fdd60:   000001eacd80e388 00007ffb9f23d7f0 

Instructions: (pc=0x00007ffbbd294aa9)
0x00007ffbbd294a89:   ff 48 83 7f 08 00 48 89 7c 24 50 48 c7 44 24 58
0x00007ffbbd294a99:   00 00 00 00 74 0a 48 8d 4c 24 50 e8 47 9d 28 00
0x00007ffbbd294aa9:   49 8b 07 48 8d 4c 24 70 c7 44 24 40 04 00 00 00
0x00007ffbbd294ab9:   48 8b 50 08 0f b7 42 2c 48 8b 52 08 48 8b 54 c2 


Stack slot to memory mapping:
stack at sp + 0 slots: 0x000001eacbce0800 is a thread
stack at sp + 1 slots: 0x000001eacff22700 points into unknown readable memory: 65 77 56 69 65 77 ff ff
stack at sp + 2 slots: 0x0 is NULL
stack at sp + 3 slots: 0x000001eacbce0b30 points into unknown readable memory: e0 1d 8c bd fb 7f 00 00
stack at sp + 4 slots: 0x00007ffb9d2dc500 points into unknown readable memory: 28 29 5a 00 00 00 00 00
stack at sp + 5 slots: 0x00007ffc1a0e2690 ucrtbase.dll
stack at sp + 6 slots: 0x00007ffb9f02ab38 points into unknown readable memory: 66 77 6b 49 73 4d 61 69
stack at sp + 7 slots: 0x000001eacff227c0 points into unknown readable memory: ff ff ff ff ff ff ff ff


---------------  P R O C E S S  ---------------

Threads class SMR info:
_java_thread_list=0x000001eac9600010, length=23, elements={
0x000001eac79d6800, 0x000001eac79d9800, 0x000001eac79f5800, 0x000001eac79f7800,
0x000001eac79fb000, 0x000001eac79fe800, 0x000001eac8283000, 0x000001eac8543800,
0x000001eac854e800, 0x000001eac94b3800, 0x000001eac9498000, 0x000001eac9499000,
0x000001eac921d000, 0x000001eac96f8800, 0x000001eaa4019800, 0x000001eac9cd0000,
0x000001eacb356800, 0x000001eac8d4f800, 0x000001eacbcdc000, 0x000001eacbce0800,
0x000001eacbce0000, 0x000001eac9254000, 0x000001eac9252000
}

Java Threads: ( => current thread )
  0x000001eac79d6800 JavaThread "Reference Handler" daemon [_thread_blocked, id=12672, stack(0x0000006366300000,0x0000006366400000)]
  0x000001eac79d9800 JavaThread "Finalizer" daemon [_thread_blocked, id=7260, stack(0x0000006366400000,0x0000006366500000)]
  0x000001eac79f5800 JavaThread "Signal Dispatcher" daemon [_thread_blocked, id=17580, stack(0x0000006366500000,0x0000006366600000)]
  0x000001eac79f7800 JavaThread "Attach Listener" daemon [_thread_blocked, id=7360, stack(0x0000006366600000,0x0000006366700000)]
  0x000001eac79fb000 JavaThread "C2 CompilerThread0" daemon [_thread_blocked, id=2924, stack(0x0000006366700000,0x0000006366800000)]
  0x000001eac79fe800 JavaThread "C1 CompilerThread0" daemon [_thread_blocked, id=13112, stack(0x0000006366800000,0x0000006366900000)]
  0x000001eac8283000 JavaThread "Sweeper thread" daemon [_thread_blocked, id=15468, stack(0x0000006366900000,0x0000006366a00000)]
  0x000001eac8543800 JavaThread "Service Thread" daemon [_thread_blocked, id=14020, stack(0x0000006366a00000,0x0000006366b00000)]
  0x000001eac854e800 JavaThread "Common-Cleaner" daemon [_thread_blocked, id=7540, stack(0x0000006366c00000,0x0000006366d00000)]
  0x000001eac94b3800 JavaThread "Java2D Disposer" daemon [_thread_blocked, id=13700, stack(0x0000006367300000,0x0000006367400000)]
  0x000001eac9498000 JavaThread "AWT-Shutdown" [_thread_blocked, id=7088, stack(0x0000006367400000,0x0000006367500000)]
  0x000001eac9499000 JavaThread "AWT-Windows" daemon [_thread_in_native, id=16628, stack(0x0000006367500000,0x0000006367600000)]
  0x000001eac921d000 JavaThread "AWT-EventQueue-0" [_thread_blocked, id=6476, stack(0x0000006367700000,0x0000006367800000)]
  0x000001eac96f8800 JavaThread "Swing-Shell" daemon [_thread_blocked, id=7792, stack(0x0000006367800000,0x0000006367900000)]
  0x000001eaa4019800 JavaThread "DestroyJavaVM" [_thread_blocked, id=5836, stack(0x0000006365c00000,0x0000006365d00000)]
  0x000001eac9cd0000 JavaThread "Abandoned connection cleanup thread" daemon [_thread_blocked, id=16060, stack(0x0000006368100000,0x0000006368200000)]
  0x000001eacb356800 JavaThread "TimerQueue" daemon [_thread_blocked, id=13596, stack(0x0000006367f00000,0x0000006368000000)]
  0x000001eac8d4f800 JavaThread "QuantumRenderer-0" daemon [_thread_blocked, id=9680, stack(0x0000006368600000,0x0000006368700000)]
  0x000001eacbcdc000 JavaThread "InvokeLaterDispatcher" daemon [_thread_blocked, id=12296, stack(0x0000006368700000,0x0000006368800000)]
=>0x000001eacbce0800 JavaThread "JavaFX Application Thread" [_thread_in_vm, id=8056, stack(0x0000006368800000,0x0000006368900000)]
  0x000001eacbce0000 JavaThread "Thread-2" daemon [_thread_in_native, id=12988, stack(0x0000006368000000,0x0000006368100000)]
  0x000001eac9254000 JavaThread "C2 CompilerThread1" daemon [_thread_blocked, id=9560, stack(0x0000006367600000,0x0000006367700000)]
  0x000001eac9252000 JavaThread "C2 CompilerThread2" daemon [_thread_blocked, id=10232, stack(0x0000006368300000,0x0000006368400000)]

Other Threads:
  0x000001eac79d4800 VMThread "VM Thread" [stack: 0x0000006366200000,0x0000006366300000] [id=14244]
  0x000001eac854a000 WatcherThread [stack: 0x0000006366b00000,0x0000006366c00000] [id=5572]
  0x000001eaa4080800 GCTaskThread "GC Thread#0" [stack: 0x0000006365d00000,0x0000006365e00000] [id=1692]
  0x000001eac918b800 GCTaskThread "GC Thread#1" [stack: 0x0000006366d00000,0x0000006366e00000] [id=6836]
  0x000001eac88a7000 GCTaskThread "GC Thread#2" [stack: 0x0000006366e00000,0x0000006366f00000] [id=7416]
  0x000001eac91ae800 GCTaskThread "GC Thread#3" [stack: 0x0000006366f00000,0x0000006367000000] [id=15500]
  0x000001eac922f000 GCTaskThread "GC Thread#4" [stack: 0x0000006367000000,0x0000006367100000] [id=8980]
  0x000001eac9234000 GCTaskThread "GC Thread#5" [stack: 0x0000006367100000,0x0000006367200000] [id=12892]
  0x000001eac9233000 GCTaskThread "GC Thread#6" [stack: 0x0000006368400000,0x0000006368500000] [id=9168]
  0x000001eac9234800 GCTaskThread "GC Thread#7" [stack: 0x0000006368500000,0x0000006368600000] [id=11880]
  0x000001eaa409c000 ConcurrentGCThread "G1 Main Marker" [stack: 0x0000006365e00000,0x0000006365f00000] [id=7900]
  0x000001eaa409d800 ConcurrentGCThread "G1 Conc#0" [stack: 0x0000006365f00000,0x0000006366000000] [id=5892]
  0x000001eac9232000 ConcurrentGCThread "G1 Conc#1" [stack: 0x0000006368200000,0x0000006368300000] [id=16228]
  0x000001eac78d2800 ConcurrentGCThread "G1 Refine#0" [stack: 0x0000006366000000,0x0000006366100000] [id=1328]
  0x000001eac78d3800 ConcurrentGCThread "G1 Young RemSet Sampling" [stack: 0x0000006366100000,0x0000006366200000] [id=4760]

Threads with active compile tasks:

VM state:not at safepoint (normal execution)

VM Mutex/Monitor currently owned by a thread: None

Heap address: 0x0000000701c00000, size: 4068 MB, Compressed Oops mode: Zero based, Oop shift amount: 3
Narrow klass base: 0x0000000800000000, Narrow klass shift: 3
Compressed class space size: 1073741824 Address: 0x00000008011a0000

Heap:
 garbage-first heap   total 219136K, used 128781K [0x0000000701c00000, 0x0000000800000000)
  region size 1024K, 23 young (23552K), 1 survivors (1024K)
 Metaspace       used 43481K, capacity 44474K, committed 44720K, reserved 1087488K
  class space    used 5901K, capacity 6292K, committed 6400K, reserved 1048576K
Heap Regions: E=young(eden), S=young(survivor), O=old, HS=humongous(starts), HC=humongous(continues), CS=collection set, F=free, A=archive, TAMS=top-at-mark-start (previous, next)
|   0|0x0000000701c00000, 0x0000000701d00000, 0x0000000701d00000|100%|HS|  |TAMS 0x0000000701d00000, 0x0000000701c00000| Complete 
|   1|0x0000000701d00000, 0x0000000701e00000, 0x0000000701e00000|100%|HS|  |TAMS 0x0000000701e00000, 0x0000000701d00000| Complete 
|   2|0x0000000701e00000, 0x0000000701f00000, 0x0000000701f00000|100%|HC|  |TAMS 0x0000000701f00000, 0x0000000701e00000| Complete 
|   3|0x0000000701f00000, 0x0000000702000000, 0x0000000702000000|100%|HS|  |TAMS 0x0000000702000000, 0x0000000701f00000| Complete 
|   4|0x0000000702000000, 0x0000000702100000, 0x0000000702100000|100%| O|  |TAMS 0x0000000702100000, 0x0000000702000000| Untracked 
|   5|0x0000000702100000, 0x0000000702200000, 0x0000000702200000|100%| O|  |TAMS 0x0000000702200000, 0x0000000702100000| Untracked 
|   6|0x0000000702200000, 0x0000000702300000, 0x0000000702300000|100%| O|  |TAMS 0x0000000702300000, 0x0000000702200000| Untracked 
|   7|0x0000000702300000, 0x0000000702400000, 0x0000000702400000|100%| O|  |TAMS 0x0000000702400000, 0x0000000702300000| Untracked 
|   8|0x0000000702400000, 0x0000000702500000, 0x0000000702500000|100%| O|  |TAMS 0x0000000702500000, 0x0000000702400000| Untracked 
|   9|0x0000000702500000, 0x0000000702600000, 0x0000000702600000|100%| O|  |TAMS 0x0000000702600000, 0x0000000702500000| Untracked 
|  10|0x0000000702600000, 0x0000000702700000, 0x0000000702700000|100%| O|  |TAMS 0x0000000702700000, 0x0000000702600000| Untracked 
|  11|0x0000000702700000, 0x0000000702800000, 0x0000000702800000|100%| O|  |TAMS 0x0000000702800000, 0x0000000702700000| Untracked 
|  12|0x0000000702800000, 0x0000000702900000, 0x0000000702900000|100%| O|  |TAMS 0x0000000702900000, 0x0000000702800000| Untracked 
|  13|0x0000000702900000, 0x0000000702a00000, 0x0000000702a00000|100%| O|  |TAMS 0x0000000702a00000, 0x0000000702900000| Untracked 
|  14|0x0000000702a00000, 0x0000000702b00000, 0x0000000702b00000|100%| O|  |TAMS 0x0000000702b00000, 0x0000000702a00000| Untracked 
|  15|0x0000000702b00000, 0x0000000702c00000, 0x0000000702c00000|100%| O|  |TAMS 0x0000000702c00000, 0x0000000702b00000| Untracked 
|  16|0x0000000702c00000, 0x0000000702d00000, 0x0000000702d00000|100%| O|  |TAMS 0x0000000702d00000, 0x0000000702c00000| Untracked 
|  17|0x0000000702d00000, 0x0000000702e00000, 0x0000000702e00000|100%| O|  |TAMS 0x0000000702e00000, 0x0000000702d00000| Untracked 
|  18|0x0000000702e00000, 0x0000000702f00000, 0x0000000702f00000|100%| O|  |TAMS 0x0000000702f00000, 0x0000000702e00000| Untracked 
|  19|0x0000000702f00000, 0x0000000703000000, 0x0000000703000000|100%| O|  |TAMS 0x0000000703000000, 0x0000000702f00000| Untracked 
|  20|0x0000000703000000, 0x0000000703100000, 0x0000000703100000|100%| O|  |TAMS 0x0000000703100000, 0x0000000703000000| Untracked 
|  21|0x0000000703100000, 0x0000000703200000, 0x0000000703200000|100%| O|  |TAMS 0x0000000703200000, 0x0000000703100000| Untracked 
|  22|0x0000000703200000, 0x000000070329fc00, 0x0000000703300000| 62%| O|  |TAMS 0x000000070329fc00, 0x0000000703200000| Untracked 
|  23|0x0000000703300000, 0x0000000703400000, 0x0000000703400000|100%| O|  |TAMS 0x0000000703400000, 0x0000000703300000| Untracked 
|  24|0x0000000703400000, 0x0000000703500000, 0x0000000703500000|100%| O|  |TAMS 0x0000000703500000, 0x0000000703400000| Untracked 
|  25|0x0000000703500000, 0x0000000703600000, 0x0000000703600000|100%| O|  |TAMS 0x0000000703600000, 0x0000000703500000| Untracked 
|  26|0x0000000703600000, 0x0000000703700000, 0x0000000703700000|100%| O|  |TAMS 0x0000000703700000, 0x0000000703600000| Untracked 
|  27|0x0000000703700000, 0x0000000703800000, 0x0000000703800000|100%| O|  |TAMS 0x0000000703800000, 0x0000000703700000| Untracked 
|  28|0x0000000703800000, 0x0000000703900000, 0x0000000703900000|100%| O|  |TAMS 0x0000000703900000, 0x0000000703800000| Untracked 
|  29|0x0000000703900000, 0x0000000703a00000, 0x0000000703a00000|100%| O|  |TAMS 0x0000000703a00000, 0x0000000703900000| Untracked 
|  30|0x0000000703a00000, 0x0000000703b00000, 0x0000000703b00000|100%| O|  |TAMS 0x0000000703b00000, 0x0000000703a00000| Untracked 
|  31|0x0000000703b00000, 0x0000000703c00000, 0x0000000703c00000|100%| O|  |TAMS 0x0000000703c00000, 0x0000000703b00000| Untracked 
|  32|0x0000000703c00000, 0x0000000703d00000, 0x0000000703d00000|100%| O|  |TAMS 0x0000000703d00000, 0x0000000703c00000| Untracked 
|  33|0x0000000703d00000, 0x0000000703e00000, 0x0000000703e00000|100%| O|  |TAMS 0x0000000703e00000, 0x0000000703d00000| Untracked 
|  34|0x0000000703e00000, 0x0000000703f00000, 0x0000000703f00000|100%| O|  |TAMS 0x0000000703f00000, 0x0000000703e00000| Untracked 
|  35|0x0000000703f00000, 0x0000000704000000, 0x0000000704000000|100%| O|  |TAMS 0x0000000704000000, 0x0000000703f00000| Untracked 
|  36|0x0000000704000000, 0x0000000704100000, 0x0000000704100000|100%| O|  |TAMS 0x0000000704100000, 0x0000000704000000| Untracked 
|  37|0x0000000704100000, 0x0000000704200000, 0x0000000704200000|100%| O|  |TAMS 0x0000000704200000, 0x0000000704100000| Untracked 
|  38|0x0000000704200000, 0x0000000704300000, 0x0000000704300000|100%| O|  |TAMS 0x0000000704300000, 0x0000000704200000| Untracked 
|  39|0x0000000704300000, 0x0000000704400000, 0x0000000704400000|100%| O|  |TAMS 0x0000000704400000, 0x0000000704300000| Untracked 
|  40|0x0000000704400000, 0x0000000704500000, 0x0000000704500000|100%| O|  |TAMS 0x0000000704500000, 0x0000000704400000| Untracked 
|  41|0x0000000704500000, 0x0000000704600000, 0x0000000704600000|100%| O|  |TAMS 0x0000000704600000, 0x0000000704500000| Untracked 
|  42|0x0000000704600000, 0x0000000704700000, 0x0000000704700000|100%| O|  |TAMS 0x0000000704700000, 0x0000000704600000| Untracked 
|  43|0x0000000704700000, 0x0000000704800000, 0x0000000704800000|100%| O|  |TAMS 0x0000000704800000, 0x0000000704700000| Untracked 
|  44|0x0000000704800000, 0x0000000704900000, 0x0000000704900000|100%| O|  |TAMS 0x0000000704900000, 0x0000000704800000| Untracked 
|  45|0x0000000704900000, 0x0000000704a00000, 0x0000000704a00000|100%| O|  |TAMS 0x0000000704a00000, 0x0000000704900000| Untracked 
|  46|0x0000000704a00000, 0x0000000704b00000, 0x0000000704b00000|100%| O|  |TAMS 0x0000000704b00000, 0x0000000704a00000| Untracked 
|  47|0x0000000704b00000, 0x0000000704c00000, 0x0000000704c00000|100%| O|  |TAMS 0x0000000704c00000, 0x0000000704b00000| Untracked 
|  48|0x0000000704c00000, 0x0000000704d00000, 0x0000000704d00000|100%| O|  |TAMS 0x0000000704d00000, 0x0000000704c00000| Untracked 
|  49|0x0000000704d00000, 0x0000000704e00000, 0x0000000704e00000|100%| O|  |TAMS 0x0000000704e00000, 0x0000000704d00000| Untracked 
|  50|0x0000000704e00000, 0x0000000704f00000, 0x0000000704f00000|100%| O|  |TAMS 0x0000000704f00000, 0x0000000704e00000| Untracked 
|  51|0x0000000704f00000, 0x0000000705000000, 0x0000000705000000|100%| O|  |TAMS 0x0000000705000000, 0x0000000704f00000| Untracked 
|  52|0x0000000705000000, 0x0000000705100000, 0x0000000705100000|100%| O|  |TAMS 0x0000000705100000, 0x0000000705000000| Untracked 
|  53|0x0000000705100000, 0x0000000705200000, 0x0000000705200000|100%| O|  |TAMS 0x0000000705200000, 0x0000000705100000| Untracked 
|  54|0x0000000705200000, 0x0000000705300000, 0x0000000705300000|100%| O|  |TAMS 0x0000000705300000, 0x0000000705200000| Untracked 
|  55|0x0000000705300000, 0x0000000705400000, 0x0000000705400000|100%| O|  |TAMS 0x0000000705400000, 0x0000000705300000| Untracked 
|  56|0x0000000705400000, 0x0000000705500000, 0x0000000705500000|100%| O|  |TAMS 0x0000000705500000, 0x0000000705400000| Untracked 
|  57|0x0000000705500000, 0x0000000705600000, 0x0000000705600000|100%| O|  |TAMS 0x0000000705600000, 0x0000000705500000| Untracked 
|  58|0x0000000705600000, 0x0000000705700000, 0x0000000705700000|100%|HS|  |TAMS 0x0000000705700000, 0x0000000705600000| Complete 
|  59|0x0000000705700000, 0x0000000705800000, 0x0000000705800000|100%|HC|  |TAMS 0x0000000705800000, 0x0000000705700000| Complete 
|  60|0x0000000705800000, 0x0000000705900000, 0x0000000705900000|100%|HC|  |TAMS 0x0000000705900000, 0x0000000705800000| Complete 
|  61|0x0000000705900000, 0x0000000705a00000, 0x0000000705a00000|100%|HC|  |TAMS 0x0000000705a00000, 0x0000000705900000| Complete 
|  62|0x0000000705a00000, 0x0000000705b00000, 0x0000000705b00000|100%|HC|  |TAMS 0x0000000705b00000, 0x0000000705a00000| Complete 
|  63|0x0000000705b00000, 0x0000000705c00000, 0x0000000705c00000|100%|HC|  |TAMS 0x0000000705c00000, 0x0000000705b00000| Complete 
|  64|0x0000000705c00000, 0x0000000705d00000, 0x0000000705d00000|100%|HC|  |TAMS 0x0000000705d00000, 0x0000000705c00000| Complete 
|  65|0x0000000705d00000, 0x0000000705e00000, 0x0000000705e00000|100%|HC|  |TAMS 0x0000000705e00000, 0x0000000705d00000| Complete 
|  66|0x0000000705e00000, 0x0000000705f00000, 0x0000000705f00000|100%|HC|  |TAMS 0x0000000705f00000, 0x0000000705e00000| Complete 
|  67|0x0000000705f00000, 0x0000000706000000, 0x0000000706000000|100%| O|  |TAMS 0x0000000706000000, 0x0000000705f00000| Untracked 
|  68|0x0000000706000000, 0x0000000706100000, 0x0000000706100000|100%| O|  |TAMS 0x0000000706100000, 0x0000000706000000| Untracked 
|  69|0x0000000706100000, 0x0000000706200000, 0x0000000706200000|100%| O|  |TAMS 0x0000000706200000, 0x0000000706100000| Untracked 
|  70|0x0000000706200000, 0x0000000706300000, 0x0000000706300000|100%| O|  |TAMS 0x0000000706300000, 0x0000000706200000| Untracked 
|  71|0x0000000706300000, 0x0000000706400000, 0x0000000706400000|100%| O|  |TAMS 0x0000000706400000, 0x0000000706300000| Untracked 
|  72|0x0000000706400000, 0x0000000706500000, 0x0000000706500000|100%| O|  |TAMS 0x0000000706500000, 0x0000000706400000| Untracked 
|  73|0x0000000706500000, 0x0000000706600000, 0x0000000706600000|100%| O|  |TAMS 0x0000000706600000, 0x0000000706500000| Untracked 
|  74|0x0000000706600000, 0x0000000706700000, 0x0000000706700000|100%| O|  |TAMS 0x0000000706700000, 0x0000000706600000| Untracked 
|  75|0x0000000706700000, 0x0000000706700000, 0x0000000706800000|  0%| F|  |TAMS 0x0000000706700000, 0x0000000706700000| Untracked 
|  76|0x0000000706800000, 0x0000000706800000, 0x0000000706900000|  0%| F|  |TAMS 0x0000000706800000, 0x0000000706800000| Untracked 
|  77|0x0000000706900000, 0x0000000706900000, 0x0000000706a00000|  0%| F|  |TAMS 0x0000000706900000, 0x0000000706900000| Untracked 
|  78|0x0000000706a00000, 0x0000000706a00000, 0x0000000706b00000|  0%| F|  |TAMS 0x0000000706a00000, 0x0000000706a00000| Untracked 
|  79|0x0000000706b00000, 0x0000000706b00000, 0x0000000706c00000|  0%| F|  |TAMS 0x0000000706b00000, 0x0000000706b00000| Untracked 
|  80|0x0000000706c00000, 0x0000000706d00000, 0x0000000706d00000|100%| O|  |TAMS 0x0000000706d00000, 0x0000000706c00000| Untracked 
|  81|0x0000000706d00000, 0x0000000706db5200, 0x0000000706e00000| 70%| O|  |TAMS 0x0000000706db5200, 0x0000000706d00000| Untracked 
|  82|0x0000000706e00000, 0x0000000706f00000, 0x0000000706f00000|100%|HS|  |TAMS 0x0000000706f00000, 0x0000000706e00000| Complete 
|  83|0x0000000706f00000, 0x0000000706f00000, 0x0000000707000000|  0%| F|  |TAMS 0x0000000706f00000, 0x0000000706f00000| Untracked 
|  84|0x0000000707000000, 0x0000000707000000, 0x0000000707100000|  0%| F|  |TAMS 0x0000000707000000, 0x0000000707000000| Untracked 
|  85|0x0000000707100000, 0x0000000707100000, 0x0000000707200000|  0%| F|  |TAMS 0x0000000707100000, 0x0000000707100000| Untracked 
|  86|0x0000000707200000, 0x0000000707200000, 0x0000000707300000|  0%| F|  |TAMS 0x0000000707200000, 0x0000000707200000| Untracked 
|  87|0x0000000707300000, 0x0000000707400000, 0x0000000707400000|100%|HS|  |TAMS 0x0000000707400000, 0x0000000707300000| Complete 
|  88|0x0000000707400000, 0x0000000707500000, 0x0000000707500000|100%|HC|  |TAMS 0x0000000707500000, 0x0000000707400000| Complete 
|  89|0x0000000707500000, 0x0000000707600000, 0x0000000707600000|100%|HC|  |TAMS 0x0000000707600000, 0x0000000707500000| Complete 
|  90|0x0000000707600000, 0x0000000707700000, 0x0000000707700000|100%|HC|  |TAMS 0x0000000707700000, 0x0000000707600000| Complete 
|  91|0x0000000707700000, 0x0000000707800000, 0x0000000707800000|100%|HC|  |TAMS 0x0000000707800000, 0x0000000707700000| Complete 
|  92|0x0000000707800000, 0x0000000707900000, 0x0000000707900000|100%|HS|  |TAMS 0x0000000707800000, 0x0000000707800000| Complete 
|  93|0x0000000707900000, 0x0000000707a00000, 0x0000000707a00000|100%|HC|  |TAMS 0x0000000707900000, 0x0000000707900000| Complete 
|  94|0x0000000707a00000, 0x0000000707b00000, 0x0000000707b00000|100%|HC|  |TAMS 0x0000000707a00000, 0x0000000707a00000| Complete 
|  95|0x0000000707b00000, 0x0000000707c00000, 0x0000000707c00000|100%|HC|  |TAMS 0x0000000707b00000, 0x0000000707b00000| Complete 
|  96|0x0000000707c00000, 0x0000000707d00000, 0x0000000707d00000|100%|HC|  |TAMS 0x0000000707c00000, 0x0000000707c00000| Complete 
|  97|0x0000000707d00000, 0x0000000707e00000, 0x0000000707e00000|100%|HC|  |TAMS 0x0000000707d00000, 0x0000000707d00000| Complete 
|  98|0x0000000707e00000, 0x0000000707f00000, 0x0000000707f00000|100%|HC|  |TAMS 0x0000000707e00000, 0x0000000707e00000| Complete 
|  99|0x0000000707f00000, 0x0000000708000000, 0x0000000708000000|100%|HC|  |TAMS 0x0000000707f00000, 0x0000000707f00000| Complete 
| 100|0x0000000708000000, 0x0000000708000000, 0x0000000708100000|  0%| F|  |TAMS 0x0000000708000000, 0x0000000708000000| Untracked 
| 101|0x0000000708100000, 0x0000000708100000, 0x0000000708200000|  0%| F|  |TAMS 0x0000000708100000, 0x0000000708100000| Untracked 
| 102|0x0000000708200000, 0x0000000708200000, 0x0000000708300000|  0%| F|  |TAMS 0x0000000708200000, 0x0000000708200000| Untracked 
| 103|0x0000000708300000, 0x0000000708300000, 0x0000000708400000|  0%| F|  |TAMS 0x0000000708300000, 0x0000000708300000| Untracked 
| 104|0x0000000708400000, 0x0000000708400000, 0x0000000708500000|  0%| F|  |TAMS 0x0000000708400000, 0x0000000708400000| Untracked 
| 105|0x0000000708500000, 0x0000000708500000, 0x0000000708600000|  0%| F|  |TAMS 0x0000000708500000, 0x0000000708500000| Untracked 
| 106|0x0000000708600000, 0x0000000708600000, 0x0000000708700000|  0%| F|  |TAMS 0x0000000708600000, 0x0000000708600000| Untracked 
| 107|0x0000000708700000, 0x0000000708800000, 0x0000000708800000|100%|HS|  |TAMS 0x0000000708800000, 0x0000000708700000| Complete 
| 108|0x0000000708800000, 0x0000000708900000, 0x0000000708900000|100%|HC|  |TAMS 0x0000000708900000, 0x0000000708800000| Complete 
| 109|0x0000000708900000, 0x0000000708a00000, 0x0000000708a00000|100%|HC|  |TAMS 0x0000000708a00000, 0x0000000708900000| Complete 
| 110|0x0000000708a00000, 0x0000000708b00000, 0x0000000708b00000|100%|HC|  |TAMS 0x0000000708b00000, 0x0000000708a00000| Complete 
| 111|0x0000000708b00000, 0x0000000708c00000, 0x0000000708c00000|100%|HC|  |TAMS 0x0000000708c00000, 0x0000000708b00000| Complete 
| 112|0x0000000708c00000, 0x0000000708c00000, 0x0000000708d00000|  0%| F|  |TAMS 0x0000000708c00000, 0x0000000708c00000| Untracked 
| 113|0x0000000708d00000, 0x0000000708d00000, 0x0000000708e00000|  0%| F|  |TAMS 0x0000000708d00000, 0x0000000708d00000| Untracked 
| 114|0x0000000708e00000, 0x0000000708e00000, 0x0000000708f00000|  0%| F|  |TAMS 0x0000000708e00000, 0x0000000708e00000| Untracked 
| 115|0x0000000708f00000, 0x0000000708f00000, 0x0000000709000000|  0%| F|  |TAMS 0x0000000708f00000, 0x0000000708f00000| Untracked 
| 116|0x0000000709000000, 0x0000000709000000, 0x0000000709100000|  0%| F|  |TAMS 0x0000000709000000, 0x0000000709000000| Untracked 
| 117|0x0000000709100000, 0x0000000709200000, 0x0000000709200000|100%|HS|  |TAMS 0x0000000709200000, 0x0000000709100000| Complete 
| 118|0x0000000709200000, 0x0000000709300000, 0x0000000709300000|100%|HC|  |TAMS 0x0000000709300000, 0x0000000709200000| Complete 
| 119|0x0000000709300000, 0x0000000709400000, 0x0000000709400000|100%|HC|  |TAMS 0x0000000709400000, 0x0000000709300000| Complete 
| 120|0x0000000709400000, 0x0000000709500000, 0x0000000709500000|100%|HC|  |TAMS 0x0000000709500000, 0x0000000709400000| Complete 
| 121|0x0000000709500000, 0x0000000709600000, 0x0000000709600000|100%|HC|  |TAMS 0x0000000709600000, 0x0000000709500000| Complete 
| 122|0x0000000709600000, 0x0000000709700000, 0x0000000709700000|100%|HC|  |TAMS 0x0000000709700000, 0x0000000709600000| Complete 
| 123|0x0000000709700000, 0x0000000709800000, 0x0000000709800000|100%|HC|  |TAMS 0x0000000709800000, 0x0000000709700000| Complete 
| 124|0x0000000709800000, 0x0000000709900000, 0x0000000709900000|100%|HC|  |TAMS 0x0000000709900000, 0x0000000709800000| Complete 
| 125|0x0000000709900000, 0x0000000709a00000, 0x0000000709a00000|100%|HC|  |TAMS 0x0000000709a00000, 0x0000000709900000| Complete 
| 126|0x0000000709a00000, 0x0000000709a00000, 0x0000000709b00000|  0%| F|  |TAMS 0x0000000709a00000, 0x0000000709a00000| Untracked 
| 127|0x0000000709b00000, 0x0000000709b00000, 0x0000000709c00000|  0%| F|  |TAMS 0x0000000709b00000, 0x0000000709b00000| Untracked 
| 128|0x0000000709c00000, 0x0000000709c00000, 0x0000000709d00000|  0%| F|  |TAMS 0x0000000709c00000, 0x0000000709c00000| Untracked 
| 129|0x0000000709d00000, 0x0000000709d00000, 0x0000000709e00000|  0%| F|  |TAMS 0x0000000709d00000, 0x0000000709d00000| Untracked 
| 130|0x0000000709e00000, 0x0000000709e00000, 0x0000000709f00000|  0%| F|  |TAMS 0x0000000709e00000, 0x0000000709e00000| Untracked 
| 131|0x0000000709f00000, 0x0000000709f00000, 0x000000070a000000|  0%| F|  |TAMS 0x0000000709f00000, 0x0000000709f00000| Untracked 
| 132|0x000000070a000000, 0x000000070a000000, 0x000000070a100000|  0%| F|  |TAMS 0x000000070a000000, 0x000000070a000000| Untracked 
| 133|0x000000070a100000, 0x000000070a100000, 0x000000070a200000|  0%| F|  |TAMS 0x000000070a100000, 0x000000070a100000| Untracked 
| 134|0x000000070a200000, 0x000000070a200000, 0x000000070a300000|  0%| F|  |TAMS 0x000000070a200000, 0x000000070a200000| Untracked 
| 135|0x000000070a300000, 0x000000070a300000, 0x000000070a400000|  0%| F|  |TAMS 0x000000070a300000, 0x000000070a300000| Untracked 
| 136|0x000000070a400000, 0x000000070a400000, 0x000000070a500000|  0%| F|  |TAMS 0x000000070a400000, 0x000000070a400000| Untracked 
| 137|0x000000070a500000, 0x000000070a500000, 0x000000070a600000|  0%| F|  |TAMS 0x000000070a500000, 0x000000070a500000| Untracked 
| 138|0x000000070a600000, 0x000000070a600000, 0x000000070a700000|  0%| F|  |TAMS 0x000000070a600000, 0x000000070a600000| Untracked 
| 139|0x000000070a700000, 0x000000070a700000, 0x000000070a800000|  0%| F|  |TAMS 0x000000070a700000, 0x000000070a700000| Untracked 
| 140|0x000000070a800000, 0x000000070a800000, 0x000000070a900000|  0%| F|  |TAMS 0x000000070a800000, 0x000000070a800000| Untracked 
| 141|0x000000070a900000, 0x000000070a900000, 0x000000070aa00000|  0%| F|  |TAMS 0x000000070a900000, 0x000000070a900000| Untracked 
| 142|0x000000070aa00000, 0x000000070aa00000, 0x000000070ab00000|  0%| F|  |TAMS 0x000000070aa00000, 0x000000070aa00000| Untracked 
| 143|0x000000070ab00000, 0x000000070ab00000, 0x000000070ac00000|  0%| F|  |TAMS 0x000000070ab00000, 0x000000070ab00000| Untracked 
| 144|0x000000070ac00000, 0x000000070ac00000, 0x000000070ad00000|  0%| F|  |TAMS 0x000000070ac00000, 0x000000070ac00000| Untracked 
| 145|0x000000070ad00000, 0x000000070ad00000, 0x000000070ae00000|  0%| F|  |TAMS 0x000000070ad00000, 0x000000070ad00000| Untracked 
| 146|0x000000070ae00000, 0x000000070ae00000, 0x000000070af00000|  0%| F|  |TAMS 0x000000070ae00000, 0x000000070ae00000| Untracked 
| 147|0x000000070af00000, 0x000000070af00000, 0x000000070b000000|  0%| F|  |TAMS 0x000000070af00000, 0x000000070af00000| Untracked 
| 148|0x000000070b000000, 0x000000070b000000, 0x000000070b100000|  0%| F|  |TAMS 0x000000070b000000, 0x000000070b000000| Untracked 
| 149|0x000000070b100000, 0x000000070b100000, 0x000000070b200000|  0%| F|  |TAMS 0x000000070b100000, 0x000000070b100000| Untracked 
| 150|0x000000070b200000, 0x000000070b200000, 0x000000070b300000|  0%| F|  |TAMS 0x000000070b200000, 0x000000070b200000| Untracked 
| 151|0x000000070b300000, 0x000000070b300000, 0x000000070b400000|  0%| F|  |TAMS 0x000000070b300000, 0x000000070b300000| Untracked 
| 152|0x000000070b400000, 0x000000070b400000, 0x000000070b500000|  0%| F|  |TAMS 0x000000070b400000, 0x000000070b400000| Untracked 
| 153|0x000000070b500000, 0x000000070b500000, 0x000000070b600000|  0%| F|  |TAMS 0x000000070b500000, 0x000000070b500000| Untracked 
| 154|0x000000070b600000, 0x000000070b600000, 0x000000070b700000|  0%| F|  |TAMS 0x000000070b600000, 0x000000070b600000| Untracked 
| 155|0x000000070b700000, 0x000000070b700000, 0x000000070b800000|  0%| F|  |TAMS 0x000000070b700000, 0x000000070b700000| Untracked 
| 156|0x000000070b800000, 0x000000070b800000, 0x000000070b900000|  0%| F|  |TAMS 0x000000070b800000, 0x000000070b800000| Untracked 
| 157|0x000000070b900000, 0x000000070b900000, 0x000000070ba00000|  0%| F|  |TAMS 0x000000070b900000, 0x000000070b900000| Untracked 
| 158|0x000000070ba00000, 0x000000070ba00000, 0x000000070bb00000|  0%| F|  |TAMS 0x000000070ba00000, 0x000000070ba00000| Untracked 
| 159|0x000000070bb00000, 0x000000070bb00000, 0x000000070bc00000|  0%| F|  |TAMS 0x000000070bb00000, 0x000000070bb00000| Untracked 
| 160|0x000000070bc00000, 0x000000070bc00000, 0x000000070bd00000|  0%| F|  |TAMS 0x000000070bc00000, 0x000000070bc00000| Untracked 
| 161|0x000000070bd00000, 0x000000070bd00000, 0x000000070be00000|  0%| F|  |TAMS 0x000000070bd00000, 0x000000070bd00000| Untracked 
| 162|0x000000070be00000, 0x000000070be00000, 0x000000070bf00000|  0%| F|  |TAMS 0x000000070be00000, 0x000000070be00000| Untracked 
| 163|0x000000070bf00000, 0x000000070bf00000, 0x000000070c000000|  0%| F|  |TAMS 0x000000070bf00000, 0x000000070bf00000| Untracked 
| 164|0x000000070c000000, 0x000000070c000000, 0x000000070c100000|  0%| F|  |TAMS 0x000000070c000000, 0x000000070c000000| Untracked 
| 165|0x000000070c100000, 0x000000070c100000, 0x000000070c200000|  0%| F|  |TAMS 0x000000070c100000, 0x000000070c100000| Untracked 
| 166|0x000000070c200000, 0x000000070c200000, 0x000000070c300000|  0%| F|  |TAMS 0x000000070c200000, 0x000000070c200000| Untracked 
| 167|0x000000070c300000, 0x000000070c300000, 0x000000070c400000|  0%| F|  |TAMS 0x000000070c300000, 0x000000070c300000| Untracked 
| 168|0x000000070c400000, 0x000000070c400000, 0x000000070c500000|  0%| F|  |TAMS 0x000000070c400000, 0x000000070c400000| Untracked 
| 169|0x000000070c500000, 0x000000070c500000, 0x000000070c600000|  0%| F|  |TAMS 0x000000070c500000, 0x000000070c500000| Untracked 
| 170|0x000000070c600000, 0x000000070c600000, 0x000000070c700000|  0%| F|  |TAMS 0x000000070c600000, 0x000000070c600000| Untracked 
| 171|0x000000070c700000, 0x000000070c700000, 0x000000070c800000|  0%| F|  |TAMS 0x000000070c700000, 0x000000070c700000| Untracked 
| 172|0x000000070c800000, 0x000000070c800000, 0x000000070c900000|  0%| F|  |TAMS 0x000000070c800000, 0x000000070c800000| Untracked 
| 173|0x000000070c900000, 0x000000070c900000, 0x000000070ca00000|  0%| F|  |TAMS 0x000000070c900000, 0x000000070c900000| Untracked 
| 174|0x000000070ca00000, 0x000000070ca00000, 0x000000070cb00000|  0%| F|  |TAMS 0x000000070ca00000, 0x000000070ca00000| Untracked 
| 175|0x000000070cb00000, 0x000000070cb00000, 0x000000070cc00000|  0%| F|  |TAMS 0x000000070cb00000, 0x000000070cb00000| Untracked 
| 176|0x000000070cc00000, 0x000000070cc00000, 0x000000070cd00000|  0%| F|  |TAMS 0x000000070cc00000, 0x000000070cc00000| Untracked 
| 177|0x000000070cd00000, 0x000000070cd00000, 0x000000070ce00000|  0%| F|  |TAMS 0x000000070cd00000, 0x000000070cd00000| Untracked 
| 178|0x000000070ce00000, 0x000000070ce00000, 0x000000070cf00000|  0%| F|  |TAMS 0x000000070ce00000, 0x000000070ce00000| Untracked 
| 179|0x000000070cf00000, 0x000000070cf00000, 0x000000070d000000|  0%| F|  |TAMS 0x000000070cf00000, 0x000000070cf00000| Untracked 
| 180|0x000000070d000000, 0x000000070d000000, 0x000000070d100000|  0%| F|  |TAMS 0x000000070d000000, 0x000000070d000000| Untracked 
| 181|0x000000070d100000, 0x000000070d100000, 0x000000070d200000|  0%| F|  |TAMS 0x000000070d100000, 0x000000070d100000| Untracked 
| 182|0x000000070d200000, 0x000000070d200000, 0x000000070d300000|  0%| F|  |TAMS 0x000000070d200000, 0x000000070d200000| Untracked 
| 183|0x000000070d300000, 0x000000070d300000, 0x000000070d400000|  0%| F|  |TAMS 0x000000070d300000, 0x000000070d300000| Untracked 
| 184|0x000000070d400000, 0x000000070d400000, 0x000000070d500000|  0%| F|  |TAMS 0x000000070d400000, 0x000000070d400000| Untracked 
| 185|0x000000070d500000, 0x000000070d500000, 0x000000070d600000|  0%| F|  |TAMS 0x000000070d500000, 0x000000070d500000| Untracked 
| 186|0x000000070d600000, 0x000000070d600000, 0x000000070d700000|  0%| F|  |TAMS 0x000000070d600000, 0x000000070d600000| Untracked 
| 187|0x000000070d700000, 0x000000070d700000, 0x000000070d800000|  0%| F|  |TAMS 0x000000070d700000, 0x000000070d700000| Untracked 
| 188|0x000000070d800000, 0x000000070d800000, 0x000000070d900000|  0%| F|  |TAMS 0x000000070d800000, 0x000000070d800000| Untracked 
| 189|0x000000070d900000, 0x000000070d900000, 0x000000070da00000|  0%| F|  |TAMS 0x000000070d900000, 0x000000070d900000| Untracked 
| 190|0x000000070da00000, 0x000000070da00000, 0x000000070db00000|  0%| F|  |TAMS 0x000000070da00000, 0x000000070da00000| Untracked 
| 191|0x000000070db00000, 0x000000070dbbe6d0, 0x000000070dc00000| 74%| E|  |TAMS 0x000000070db00000, 0x000000070db00000| Complete 
| 192|0x000000070dc00000, 0x000000070dd00000, 0x000000070dd00000|100%| E|CS|TAMS 0x000000070dc00000, 0x000000070dc00000| Complete 
| 193|0x000000070dd00000, 0x000000070de00000, 0x000000070de00000|100%| E|CS|TAMS 0x000000070dd00000, 0x000000070dd00000| Complete 
| 194|0x000000070de00000, 0x000000070df00000, 0x000000070df00000|100%| E|CS|TAMS 0x000000070de00000, 0x000000070de00000| Complete 
| 195|0x000000070df00000, 0x000000070e000000, 0x000000070e000000|100%| E|CS|TAMS 0x000000070df00000, 0x000000070df00000| Complete 
| 196|0x000000070e000000, 0x000000070e100000, 0x000000070e100000|100%| E|CS|TAMS 0x000000070e000000, 0x000000070e000000| Complete 
| 197|0x000000070e100000, 0x000000070e200000, 0x000000070e200000|100%| E|CS|TAMS 0x000000070e100000, 0x000000070e100000| Complete 
| 198|0x000000070e200000, 0x000000070e300000, 0x000000070e300000|100%| E|CS|TAMS 0x000000070e200000, 0x000000070e200000| Complete 
| 199|0x000000070e300000, 0x000000070e400000, 0x000000070e400000|100%| E|CS|TAMS 0x000000070e300000, 0x000000070e300000| Complete 
| 200|0x000000070e400000, 0x000000070e500000, 0x000000070e500000|100%| E|CS|TAMS 0x000000070e400000, 0x000000070e400000| Complete 
| 201|0x000000070e500000, 0x000000070e600000, 0x000000070e600000|100%| E|CS|TAMS 0x000000070e500000, 0x000000070e500000| Complete 
| 202|0x000000070e600000, 0x000000070e700000, 0x000000070e700000|100%| E|CS|TAMS 0x000000070e600000, 0x000000070e600000| Complete 
| 203|0x000000070e700000, 0x000000070e800000, 0x000000070e800000|100%| E|CS|TAMS 0x000000070e700000, 0x000000070e700000| Complete 
| 204|0x000000070e800000, 0x000000070e900000, 0x000000070e900000|100%| E|CS|TAMS 0x000000070e800000, 0x000000070e800000| Complete 
| 205|0x000000070e900000, 0x000000070ea00000, 0x000000070ea00000|100%| E|CS|TAMS 0x000000070e900000, 0x000000070e900000| Complete 
| 206|0x000000070ea00000, 0x000000070eb00000, 0x000000070eb00000|100%| E|CS|TAMS 0x000000070ea00000, 0x000000070ea00000| Complete 
| 207|0x000000070eb00000, 0x000000070ec00000, 0x000000070ec00000|100%| E|CS|TAMS 0x000000070eb00000, 0x000000070eb00000| Complete 
| 208|0x000000070ec00000, 0x000000070ed00000, 0x000000070ed00000|100%| E|CS|TAMS 0x000000070ec00000, 0x000000070ec00000| Complete 
| 228|0x0000000710000000, 0x0000000710100000, 0x0000000710100000|100%| E|CS|TAMS 0x0000000710000000, 0x0000000710000000| Complete 
| 229|0x0000000710100000, 0x0000000710200000, 0x0000000710200000|100%| E|CS|TAMS 0x0000000710100000, 0x0000000710100000| Complete 
| 230|0x0000000710200000, 0x000000071026e8b0, 0x0000000710300000| 43%| S|CS|TAMS 0x0000000710200000, 0x0000000710200000| Complete 
| 254|0x0000000711a00000, 0x0000000711b00000, 0x0000000711b00000|100%| E|CS|TAMS 0x0000000711a00000, 0x0000000711a00000| Complete 
| 255|0x0000000711b00000, 0x0000000711c00000, 0x0000000711c00000|100%| E|CS|TAMS 0x0000000711b00000, 0x0000000711b00000| Complete 

Card table byte_map: [0x000001eabbf50000,0x000001eabc750000] _byte_map_base: 0x000001eab8742000

Marking Bits (Prev, Next): (CMBitMap*) 0x000001eaa4081678, (CMBitMap*) 0x000001eaa40816b8
 Prev Bits: [0x000001eabcf50000, 0x000001eac0ee0000)
 Next Bits: [0x000001eac0ee0000, 0x000001eac4e70000)

Polling page: 0x000001eaa1f80000

Metaspace:

Usage:
  Non-class:     37.29 MB capacity,    36.70 MB ( 98%) used,   481.51 KB (  1%) free+waste,   120.63 KB ( <1%) overhead. 
      Class:      6.14 MB capacity,     5.76 MB ( 94%) used,   332.18 KB (  5%) free+waste,    58.56 KB ( <1%) overhead. 
       Both:     43.43 MB capacity,    42.46 MB ( 98%) used,   813.69 KB (  2%) free+waste,   179.19 KB ( <1%) overhead. 

Virtual space:
  Non-class space:       38.00 MB reserved,      37.42 MB ( 98%) committed 
      Class space:        1.00 GB reserved,       6.25 MB ( <1%) committed 
             Both:        1.04 GB reserved,      43.67 MB (  4%) committed 

Chunk freelists:
   Non-Class:  1.25 KB
       Class:  1.50 KB
        Both:  2.75 KB

CodeHeap 'non-profiled nmethods': size=120000Kb used=4397Kb max_used=4397Kb free=115602Kb
 bounds [0x000001eab3ef0000, 0x000001eab4340000, 0x000001eabb420000]
CodeHeap 'profiled nmethods': size=120000Kb used=13476Kb max_used=13476Kb free=106523Kb
 bounds [0x000001eaac9c0000, 0x000001eaad700000, 0x000001eab3ef0000]
CodeHeap 'non-nmethods': size=5760Kb used=1418Kb max_used=1458Kb free=4341Kb
 bounds [0x000001eaac420000, 0x000001eaac690000, 0x000001eaac9c0000]
 total_blobs=8744 nmethods=5460 adapters=776
 compilation: enabled
              stopped_count=0, restarted_count=0
 full_count=0

Compilation events (10 events):
Event: 29.988 Thread 0x000001eac79fb000 6100       4       javax.swing.JComponent::getY (5 bytes)
Event: 29.988 Thread 0x000001eac79fb000 nmethod 6100 0x000001eab4330990 code [0x000001eab4330b20, 0x000001eab4330b98]
Event: 29.988 Thread 0x000001eac79fb000 6094       4       java.util.ArrayList::elementData (7 bytes)
Event: 29.988 Thread 0x000001eac79fb000 nmethod 6094 0x000001eab4330c10 code [0x000001eab4330da0, 0x000001eab4330e58]
Event: 29.989 Thread 0x000001eac79fe800 6115       3       java.util.Arrays$ArrayList::iterator (12 bytes)
Event: 29.989 Thread 0x000001eac79fe800 nmethod 6115 0x000001eaad6f6590 code [0x000001eaad6f6760, 0x000001eaad6f6a78]
Event: 29.989 Thread 0x000001eac79fe800 6116       3       java.util.Arrays$ArrayItr::<init> (10 bytes)
Event: 29.989 Thread 0x000001eac79fe800 nmethod 6116 0x000001eaad6f6b90 code [0x000001eaad6f6d60, 0x000001eaad6f6f98]
Event: 29.996 Thread 0x000001eac79fe800 6117       3       java.util.concurrent.ConcurrentHashMap::containsKey (14 bytes)
Event: 29.996 Thread 0x000001eac79fe800 nmethod 6117 0x000001eaad6f7090 code [0x000001eaad6f7260, 0x000001eaad6f7490]

GC Heap History (10 events):
Event: 15.841 GC heap before
{Heap before GC invocations=22 (full 0):
 garbage-first heap   total 137216K, used 83360K [0x0000000701c00000, 0x0000000800000000)
  region size 1024K, 13 young (13312K), 4 survivors (4096K)
 Metaspace       used 40785K, capacity 41748K, committed 42032K, reserved 1085440K
  class space    used 5616K, capacity 5980K, committed 6016K, reserved 1048576K
}
Event: 15.845 GC heap after
{Heap after GC invocations=23 (full 0):
 garbage-first heap   total 137216K, used 78123K [0x0000000701c00000, 0x0000000800000000)
  region size 1024K, 2 young (2048K), 2 survivors (2048K)
 Metaspace       used 40785K, capacity 41748K, committed 42032K, reserved 1085440K
  class space    used 5616K, capacity 5980K, committed 6016K, reserved 1048576K
}
Event: 15.943 GC heap before
{Heap before GC invocations=24 (full 0):
 garbage-first heap   total 140288K, used 83243K [0x0000000701c00000, 0x0000000800000000)
  region size 1024K, 3 young (3072K), 2 survivors (2048K)
 Metaspace       used 40786K, capacity 41748K, committed 42032K, reserved 1085440K
  class space    used 5616K, capacity 5980K, committed 6016K, reserved 1048576K
}
Event: 15.947 GC heap after
{Heap after GC invocations=25 (full 0):
 garbage-first heap   total 140288K, used 83325K [0x0000000701c00000, 0x0000000800000000)
  region size 1024K, 1 young (1024K), 1 survivors (1024K)
 Metaspace       used 40786K, capacity 41748K, committed 42032K, reserved 1085440K
  class space    used 5616K, capacity 5980K, committed 6016K, reserved 1048576K
}
Event: 16.322 GC heap before
{Heap before GC invocations=26 (full 0):
 garbage-first heap   total 158720K, used 93565K [0x0000000701c00000, 0x0000000800000000)
  region size 1024K, 2 young (2048K), 1 survivors (1024K)
 Metaspace       used 40795K, capacity 41812K, committed 42032K, reserved 1085440K
  class space    used 5616K, capacity 5980K, committed 6016K, reserved 1048576K
}
Event: 16.325 GC heap after
{Heap after GC invocations=27 (full 0):
 garbage-first heap   total 158720K, used 93539K [0x0000000701c00000, 0x0000000800000000)
  region size 1024K, 1 young (1024K), 1 survivors (1024K)
 Metaspace       used 40795K, capacity 41812K, committed 42032K, reserved 1085440K
  class space    used 5616K, capacity 5980K, committed 6016K, reserved 1048576K
}
Event: 16.539 GC heap before
{Heap before GC invocations=28 (full 0):
 garbage-first heap   total 219136K, used 135523K [0x0000000701c00000, 0x0000000800000000)
  region size 1024K, 10 young (10240K), 1 survivors (1024K)
 Metaspace       used 40877K, capacity 41908K, committed 42032K, reserved 1085440K
  class space    used 5626K, capacity 6012K, committed 6016K, reserved 1048576K
}
Event: 16.541 GC heap after
{Heap after GC invocations=29 (full 0):
 garbage-first heap   total 219136K, used 102767K [0x0000000701c00000, 0x0000000800000000)
  region size 1024K, 1 young (1024K), 1 survivors (1024K)
 Metaspace       used 40877K, capacity 41908K, committed 42032K, reserved 1085440K
  class space    used 5626K, capacity 6012K, committed 6016K, reserved 1048576K
}
Event: 16.692 GC heap before
{Heap before GC invocations=30 (full 0):
 garbage-first heap   total 219136K, used 104815K [0x0000000701c00000, 0x0000000800000000)
  region size 1024K, 3 young (3072K), 1 survivors (1024K)
 Metaspace       used 41358K, capacity 42327K, committed 42672K, reserved 1085440K
  class space    used 5670K, capacity 6045K, committed 6144K, reserved 1048576K
}
Event: 16.695 GC heap after
{Heap after GC invocations=31 (full 0):
 garbage-first heap   total 219136K, used 104205K [0x0000000701c00000, 0x0000000800000000)
  region size 1024K, 1 young (1024K), 1 survivors (1024K)
 Metaspace       used 41358K, capacity 42327K, committed 42672K, reserved 1085440K
  class space    used 5670K, capacity 6045K, committed 6144K, reserved 1048576K
}

Deoptimization events (10 events):
Event: 29.907 Thread 0x000001eac921d000 Uncommon trap: reason=unstable_if action=reinterpret pc=0x000001eab404a038 method=java.awt.Component.setBackground(Ljava/awt/Color;)V @ 16 c2
Event: 29.907 Thread 0x000001eac921d000 Uncommon trap: reason=unstable_if action=reinterpret pc=0x000001eab42cc7f4 method=java.awt.Component.setFont(Ljava/awt/Font;)V @ 28 c2
Event: 29.907 Thread 0x000001eac921d000 Uncommon trap: reason=unstable_if action=reinterpret pc=0x000001eab40491a8 method=java.awt.Component.setForeground(Ljava/awt/Color;)V @ 16 c2
Event: 29.911 Thread 0x000001eac921d000 Uncommon trap: reason=unstable_if action=reinterpret pc=0x000001eab42cf42c method=sun.swing.SwingUtilities2.getLeftSideBearing(Ljavax/swing/JComponent;Ljava/awt/FontMetrics;C)I @ 5 c2
Event: 29.936 Thread 0x000001eac921d000 Uncommon trap: reason=unstable_if action=reinterpret pc=0x000001eab42b6e98 method=sun.java2d.marlin.MarlinCache.copyAARowRLE_WithBlockFlags([I[IIII)V @ 462 c2
Event: 29.942 Thread 0x000001eac921d000 Uncommon trap: reason=unstable_if action=reinterpret pc=0x000001eab42c1928 method=java.awt.GradientPaintContext.<init>(Ljava/awt/image/ColorModel;Ljava/awt/geom/Point2D;Ljava/awt/geom/Point2D;Ljava/awt/geom/AffineTransform;Ljava/awt/Color;Ljava/awt/Color;
Event: 29.942 Thread 0x000001eac921d000 Uncommon trap: reason=profile_predicate action=maybe_recompile pc=0x000001eab41dd858 method=java.awt.GradientPaintContext.<init>(Ljava/awt/image/ColorModel;Ljava/awt/geom/Point2D;Ljava/awt/geom/Point2D;Ljava/awt/geom/AffineTransform;Ljava/awt/Color;Ljava/
Event: 29.943 Thread 0x000001eac921d000 Uncommon trap: reason=profile_predicate action=maybe_recompile pc=0x000001eab41dd858 method=java.awt.GradientPaintContext.<init>(Ljava/awt/image/ColorModel;Ljava/awt/geom/Point2D;Ljava/awt/geom/Point2D;Ljava/awt/geom/AffineTransform;Ljava/awt/Color;Ljava/
Event: 29.943 Thread 0x000001eac921d000 Uncommon trap: reason=profile_predicate action=maybe_recompile pc=0x000001eab41dd858 method=java.awt.GradientPaintContext.<init>(Ljava/awt/image/ColorModel;Ljava/awt/geom/Point2D;Ljava/awt/geom/Point2D;Ljava/awt/geom/AffineTransform;Ljava/awt/Color;Ljava/
Event: 29.943 Thread 0x000001eac921d000 Uncommon trap: reason=profile_predicate action=maybe_recompile pc=0x000001eab41dd858 method=java.awt.GradientPaintContext.<init>(Ljava/awt/image/ColorModel;Ljava/awt/geom/Point2D;Ljava/awt/geom/Point2D;Ljava/awt/geom/AffineTransform;Ljava/awt/Color;Ljava/

Classes redefined (0 events):
No events

Internal exceptions (10 events):
Event: 14.633 Thread 0x000001eac9210800 Implicit null exception at 0x000001eab419e1da to 0x000001eab419f262
Event: 15.225 Thread 0x000001eac921d000 Implicit null exception at 0x000001eab4201a26 to 0x000001eab4201f7d
Event: 15.226 Thread 0x000001eac921d000 Implicit null exception at 0x000001eab40f602a to 0x000001eab40fd0f2
Event: 16.590 Thread 0x000001eac921d000 Implicit null exception at 0x000001eab426af3f to 0x000001eab426be42
Event: 16.617 Thread 0x000001eac921d000 Implicit null exception at 0x000001eab4028e6c to 0x000001eab4029936
Event: 16.618 Thread 0x000001eac921d000 Implicit null exception at 0x000001eab40d4362 to 0x000001eab40d4ce2
Event: 29.654 Thread 0x000001eac921d000 Implicit null exception at 0x000001eab3fbe1c7 to 0x000001eab3fbf46e
Event: 29.888 Thread 0x000001eacbce0800 Exception <a 'java/lang/NullPointerException'{0x000000070e40dc00}> (0x000000070e40dc00) thrown at [t:/workspace/open/src/hotspot/share/interpreter/linkResolver.cpp, line 1356]
Event: 29.940 Thread 0x000001eacbce0800 Exception <a 'java/lang/NoSuchMethodError'{0x000000070e042a88}: java.lang.invoke.DirectMethodHandle$Holder.invokeSpecial(Ljava/lang/Object;Ljava/lang/Object;Ljava/lang/Object;Ljava/lang/Object;)I> (0x000000070e042a88) thrown at [t:/workspace/open/src/hots
Event: 30.003 Thread 0x000001eacbce0800 Exception <a 'java/lang/NoSuchMethodError'{0x000000070dbab1a0}: fwkIsMainThread> (0x000000070dbab1a0) thrown at [t:/workspace/open/src/hotspot/share/prims/jni.cpp, line 1331]

Events (10 events):
Event: 29.995 loading class com/sun/javafx/webkit/Accessor
Event: 29.995 loading class com/sun/javafx/webkit/Accessor done
Event: 29.995 loading class com/sun/javafx/webkit/theme/ScrollBarWidget
Event: 29.995 loading class com/sun/javafx/webkit/theme/ScrollBarWidget done
Event: 29.995 loading class com/sun/javafx/webkit/Accessor
Event: 29.995 loading class com/sun/javafx/webkit/Accessor done
Event: 29.995 loading class com/sun/javafx/webkit/theme/ScrollBarThemeImpl$1
Event: 29.995 loading class com/sun/javafx/webkit/theme/ScrollBarThemeImpl$1 done
Event: 30.002 loading class com/sun/webkit/MainThread
Event: 30.002 loading class com/sun/webkit/MainThread done


Dynamic libraries:
0x00007ff793600000 - 0x00007ff79360f000 	C:\Program Files\Java\jdk-12\bin\java.exe
0x00007ffc1c810000 - 0x00007ffc1ca05000 	C:\WINDOWS\SYSTEM32\ntdll.dll
0x00007ffc1c660000 - 0x00007ffc1c71e000 	C:\WINDOWS\System32\KERNEL32.DLL
0x00007ffc1a1d0000 - 0x00007ffc1a498000 	C:\WINDOWS\System32\KERNELBASE.dll
0x00007ffc1a0d0000 - 0x00007ffc1a1d0000 	C:\WINDOWS\System32\ucrtbase.dll
0x00007ffc14960000 - 0x00007ffc14976000 	C:\Program Files\Java\jdk-12\bin\VCRUNTIME140.dll
0x00007ffbf8c30000 - 0x00007ffbf8c48000 	C:\Program Files\Java\jdk-12\bin\jli.dll
0x00007ffc1c040000 - 0x00007ffc1c0ee000 	C:\WINDOWS\System32\ADVAPI32.dll
0x00007ffc1b0c0000 - 0x00007ffc1b15e000 	C:\WINDOWS\System32\msvcrt.dll
0x00007ffc1b3a0000 - 0x00007ffc1b43c000 	C:\WINDOWS\System32\sechost.dll
0x00007ffc1b9d0000 - 0x00007ffc1baf5000 	C:\WINDOWS\System32\RPCRT4.dll
0x00007ffc1c0f0000 - 0x00007ffc1c291000 	C:\WINDOWS\System32\USER32.dll
0x00007ffc1a4a0000 - 0x00007ffc1a4c2000 	C:\WINDOWS\System32\win32u.dll
0x00007ffc1bcb0000 - 0x00007ffc1bcdb000 	C:\WINDOWS\System32\GDI32.dll
0x00007ffc0d6b0000 - 0x00007ffc0d94a000 	C:\WINDOWS\WinSxS\amd64_microsoft.windows.common-controls_6595b64144ccf1df_6.0.19041.1110_none_60b5254171f9507e\COMCTL32.dll
0x00007ffc19f20000 - 0x00007ffc1a02d000 	C:\WINDOWS\System32\gdi32full.dll
0x00007ffc1a030000 - 0x00007ffc1a0cd000 	C:\WINDOWS\System32\msvcp_win.dll
0x00007ffc12bb0000 - 0x00007ffc12bba000 	C:\WINDOWS\SYSTEM32\VERSION.dll
0x00007ffc1c7a0000 - 0x00007ffc1c7d0000 	C:\WINDOWS\System32\IMM32.DLL
0x00007ffbcc1b0000 - 0x00007ffbcc25a000 	C:\Program Files\Java\jdk-12\bin\msvcp140.dll
0x00007ffbbceb0000 - 0x00007ffbbda24000 	C:\Program Files\Java\jdk-12\bin\server\jvm.dll
0x00007ffc1a850000 - 0x00007ffc1a858000 	C:\WINDOWS\System32\PSAPI.DLL
0x00007ffc0d680000 - 0x00007ffc0d6a7000 	C:\WINDOWS\SYSTEM32\WINMM.dll
0x00007ffc0e050000 - 0x00007ffc0e059000 	C:\WINDOWS\SYSTEM32\WSOCK32.dll
0x00007ffc1c730000 - 0x00007ffc1c79b000 	C:\WINDOWS\System32\WS2_32.dll
0x00007ffc17e10000 - 0x00007ffc17e22000 	C:\WINDOWS\SYSTEM32\kernel.appcore.dll
0x00007ffc14100000 - 0x00007ffc14111000 	C:\Program Files\Java\jdk-12\bin\verify.dll
0x00007ffc0a700000 - 0x00007ffc0a8e4000 	C:\WINDOWS\SYSTEM32\DBGHELP.DLL
0x00007ffc0b1d0000 - 0x00007ffc0b1fc000 	C:\WINDOWS\SYSTEM32\dbgcore.DLL
0x00007ffc1a710000 - 0x00007ffc1a792000 	C:\WINDOWS\System32\bcryptPrimitives.dll
0x00007ffc13230000 - 0x00007ffc13256000 	C:\Program Files\Java\jdk-12\bin\java.dll
0x00007ffc140c0000 - 0x00007ffc140d7000 	C:\Program Files\Java\jdk-12\bin\zip.dll
0x00007ffc14a00000 - 0x00007ffc14a0a000 	C:\Program Files\Java\jdk-12\bin\jimage.dll
0x00007ffc1a910000 - 0x00007ffc1b054000 	C:\WINDOWS\System32\SHELL32.dll
0x00007ffc18010000 - 0x00007ffc187a5000 	C:\WINDOWS\SYSTEM32\windows.storage.dll
0x00007ffc1bce0000 - 0x00007ffc1c035000 	C:\WINDOWS\System32\combase.dll
0x00007ffc198a0000 - 0x00007ffc198ce000 	C:\WINDOWS\SYSTEM32\Wldp.dll
0x00007ffc1b4a0000 - 0x00007ffc1b54d000 	C:\WINDOWS\System32\SHCORE.dll
0x00007ffc1b210000 - 0x00007ffc1b265000 	C:\WINDOWS\System32\shlwapi.dll
0x00007ffc19e60000 - 0x00007ffc19e7f000 	C:\WINDOWS\SYSTEM32\profapi.dll
0x00007ffc10d70000 - 0x00007ffc10d89000 	C:\Program Files\Java\jdk-12\bin\net.dll
0x00007ffc11300000 - 0x00007ffc1140c000 	C:\WINDOWS\SYSTEM32\WINHTTP.dll
0x00007ffc0c270000 - 0x00007ffc0c45b000 	C:\WINDOWS\SYSTEM32\urlmon.dll
0x00007ffc19400000 - 0x00007ffc1940c000 	C:\WINDOWS\SYSTEM32\netutils.dll
0x00007ffc0bbd0000 - 0x00007ffc0be80000 	C:\WINDOWS\SYSTEM32\iertutil.dll
0x00007ffc0be90000 - 0x00007ffc0beb8000 	C:\WINDOWS\SYSTEM32\srvcli.dll
0x00007ffc19600000 - 0x00007ffc1966a000 	C:\WINDOWS\system32\mswsock.dll
0x00007ffc04ed0000 - 0x00007ffc04ee3000 	C:\Program Files\Java\jdk-12\bin\nio.dll
0x00007ffbc47e0000 - 0x00007ffbc497f000 	C:\Program Files\Java\jdk-12\bin\awt.dll
0x00007ffc1bbe0000 - 0x00007ffc1bcad000 	C:\WINDOWS\System32\OLEAUT32.dll
0x00007ffc164f0000 - 0x00007ffc16ab0000 	C:\WINDOWS\SYSTEM32\d2d1.dll
0x00007ffc17860000 - 0x00007ffc178f0000 	C:\WINDOWS\SYSTEM32\apphelp.dll
0x00007ffc17930000 - 0x00007ffc179ce000 	C:\WINDOWS\system32\uxtheme.dll
0x00007ffc1b270000 - 0x00007ffc1b385000 	C:\WINDOWS\System32\MSCTF.dll
0x00007ffc1c530000 - 0x00007ffc1c65a000 	C:\WINDOWS\System32\ole32.dll
0x00007ffc17c30000 - 0x00007ffc17c5f000 	C:\WINDOWS\system32\DWMAPI.DLL
0x00007ffc06c30000 - 0x00007ffc06ce0000 	C:\WINDOWS\WinSxS\amd64_microsoft.windows.common-controls_6595b64144ccf1df_5.82.19041.1110_none_792d1c772443f647\comctl32.dll
0x00007ffbcc130000 - 0x00007ffbcc1b0000 	C:\Program Files\Java\jdk-12\bin\freetype.dll
0x00007ffbc9570000 - 0x00007ffbc95df000 	C:\Program Files\Java\jdk-12\bin\fontmanager.dll
0x00007ffbf9840000 - 0x00007ffbf9965000 	C:\WINDOWS\system32\opengl32.dll
0x00007ffc14230000 - 0x00007ffc1425c000 	C:\WINDOWS\SYSTEM32\GLU32.dll
0x00007ffc1a860000 - 0x00007ffc1a909000 	C:\WINDOWS\System32\clbcatq.dll
0x00007ffc15ab0000 - 0x00007ffc15ba6000 	C:\WINDOWS\SYSTEM32\PROPSYS.dll
0x00007ffbf2760000 - 0x00007ffbf2777000 	C:\WINDOWS\system32\NetworkExplorer.dll
0x00007ffc1a7a0000 - 0x00007ffc1a7ee000 	C:\WINDOWS\System32\CFGMGR32.dll
0x00007ffbfb490000 - 0x00007ffbfb4ad000 	C:\WINDOWS\SYSTEM32\MPR.dll
0x00007ffc07d10000 - 0x00007ffc07d1b000 	C:\WINDOWS\System32\drprov.dll
0x00007ffc19c60000 - 0x00007ffc19cba000 	C:\WINDOWS\System32\WINSTA.dll
0x00007ffbf2290000 - 0x00007ffbf22b1000 	C:\WINDOWS\System32\ntlanman.dll
0x00007ffbf2b10000 - 0x00007ffbf2b2e000 	C:\WINDOWS\System32\davclnt.dll
0x00007ffc07a90000 - 0x00007ffc07a9d000 	C:\WINDOWS\System32\DAVHLPR.dll
0x00007ffc190a0000 - 0x00007ffc190b9000 	C:\WINDOWS\System32\wkscli.dll
0x00007ffc06c00000 - 0x00007ffc06c12000 	C:\WINDOWS\SYSTEM32\cscapi.dll
0x00007ffbf4c70000 - 0x00007ffbf4cc6000 	C:\Windows\System32\dlnashext.dll
0x00007ffbe8410000 - 0x00007ffbe8474000 	C:\Windows\System32\PlayToDevice.dll
0x00007ffbfa0f0000 - 0x00007ffbfa110000 	C:\Windows\System32\DevDispItemProvider.dll
0x00007ffc12210000 - 0x00007ffc12295000 	C:\WINDOWS\System32\MMDevApi.dll
0x00007ffc19c10000 - 0x00007ffc19c44000 	C:\WINDOWS\System32\DEVOBJ.dll
0x00007ffbdd620000 - 0x00007ffbdd6c1000 	C:\WINDOWS\system32\wpdshext.dll
0x00007ffc069e0000 - 0x00007ffc06b89000 	C:\WINDOWS\WinSxS\amd64_microsoft.windows.gdiplus_6595b64144ccf1df_1.1.19041.1466_none_91a4907ccc87e3b8\gdiplus.dll
0x00007ffc0a9d0000 - 0x00007ffc0b169000 	C:\Windows\System32\OneCoreUAPCommonProxyStub.dll
0x00007ffbed2f0000 - 0x00007ffbed393000 	C:\Windows\System32\PortableDeviceApi.dll
0x00007ffc1b550000 - 0x00007ffc1b9c2000 	C:\WINDOWS\System32\SETUPAPI.dll
0x00007ffc1a630000 - 0x00007ffc1a657000 	C:\WINDOWS\System32\bcrypt.dll
0x00007ffc1a7f0000 - 0x00007ffc1a850000 	C:\WINDOWS\System32\WINTRUST.dll
0x00007ffc1a4d0000 - 0x00007ffc1a626000 	C:\WINDOWS\System32\CRYPT32.dll
0x00007ffc19a30000 - 0x00007ffc19a42000 	C:\WINDOWS\System32\MSASN1.dll
0x00007ffbef2d0000 - 0x00007ffbef307000 	C:\Windows\System32\EhStorShell.dll
0x00007ffbefa80000 - 0x00007ffbefaa6000 	C:\Windows\System32\EhStorAPI.dll
0x00007ffc13da0000 - 0x00007ffc13db4000 	C:\Windows\System32\WTSAPI32.dll
0x00007ffc10840000 - 0x00007ffc1084d000 	C:\WINDOWS\SYSTEM32\LINKINFO.dll
0x00007ffbf0b60000 - 0x00007ffbf0b87000 	C:\Program Files\Java\jdk-12\bin\sunec.dll
0x00007ffc05f60000 - 0x00007ffc06114000 	C:\WINDOWS\SYSTEM32\WindowsCodecs.dll
0x00007ffbfab20000 - 0x00007ffbfab5e000 	C:\WINDOWS\system32\dataexchange.dll
0x00007ffc16280000 - 0x00007ffc164e4000 	C:\WINDOWS\system32\d3d11.dll
0x00007ffc16ab0000 - 0x00007ffc16c95000 	C:\WINDOWS\system32\dcomp.dll
0x00007ffc18930000 - 0x00007ffc18a24000 	C:\WINDOWS\system32\dxgi.dll
0x00007ffc122a0000 - 0x00007ffc124a1000 	C:\WINDOWS\system32\twinapi.appcore.dll
0x000001eace5f0000 - 0x000001eace5f3000 	C:\Program Files\Java\jdk-12\bin\api-ms-win-core-console-l1-1-0.dll
0x000001eace600000 - 0x000001eace603000 	C:\Program Files\Java\jdk-12\bin\api-ms-win-core-datetime-l1-1-0.dll
0x000001eace610000 - 0x000001eace613000 	C:\Program Files\Java\jdk-12\bin\api-ms-win-core-debug-l1-1-0.dll
0x000001eace620000 - 0x000001eace623000 	C:\Program Files\Java\jdk-12\bin\api-ms-win-core-errorhandling-l1-1-0.dll
0x000001eace630000 - 0x000001eace634000 	C:\Program Files\Java\jdk-12\bin\api-ms-win-core-file-l1-1-0.dll
0x000001eace640000 - 0x000001eace643000 	C:\Program Files\Java\jdk-12\bin\api-ms-win-core-file-l1-2-0.dll
0x000001eace650000 - 0x000001eace653000 	C:\Program Files\Java\jdk-12\bin\api-ms-win-core-file-l2-1-0.dll
0x000001eace660000 - 0x000001eace663000 	C:\Program Files\Java\jdk-12\bin\api-ms-win-core-handle-l1-1-0.dll
0x000001eace670000 - 0x000001eace673000 	C:\Program Files\Java\jdk-12\bin\api-ms-win-core-heap-l1-1-0.dll
0x000001eace680000 - 0x000001eace683000 	C:\Program Files\Java\jdk-12\bin\api-ms-win-core-interlocked-l1-1-0.dll
0x000001eace690000 - 0x000001eace693000 	C:\Program Files\Java\jdk-12\bin\api-ms-win-core-libraryloader-l1-1-0.dll
0x000001eace6a0000 - 0x000001eace6a3000 	C:\Program Files\Java\jdk-12\bin\api-ms-win-core-localization-l1-2-0.dll
0x000001eace6b0000 - 0x000001eace6b3000 	C:\Program Files\Java\jdk-12\bin\api-ms-win-core-memory-l1-1-0.dll
0x000001eace6c0000 - 0x000001eace6c3000 	C:\Program Files\Java\jdk-12\bin\api-ms-win-core-namedpipe-l1-1-0.dll
0x000001eace6d0000 - 0x000001eace6d3000 	C:\Program Files\Java\jdk-12\bin\api-ms-win-core-processenvironment-l1-1-0.dll
0x000001eace6e0000 - 0x000001eace6e3000 	C:\Program Files\Java\jdk-12\bin\api-ms-win-core-processthreads-l1-1-0.dll
0x000001eace6f0000 - 0x000001eace6f3000 	C:\Program Files\Java\jdk-12\bin\api-ms-win-core-processthreads-l1-1-1.dll
0x000001eace700000 - 0x000001eace703000 	C:\Program Files\Java\jdk-12\bin\api-ms-win-core-profile-l1-1-0.dll
0x000001eace710000 - 0x000001eace713000 	C:\Program Files\Java\jdk-12\bin\api-ms-win-core-rtlsupport-l1-1-0.dll
0x000001eace720000 - 0x000001eace723000 	C:\Program Files\Java\jdk-12\bin\api-ms-win-core-string-l1-1-0.dll
0x000001eace730000 - 0x000001eace733000 	C:\Program Files\Java\jdk-12\bin\api-ms-win-core-synch-l1-1-0.dll
0x000001eace740000 - 0x000001eace743000 	C:\Program Files\Java\jdk-12\bin\api-ms-win-core-synch-l1-2-0.dll
0x000001eace750000 - 0x000001eace753000 	C:\Program Files\Java\jdk-12\bin\api-ms-win-core-sysinfo-l1-1-0.dll
0x000001eace760000 - 0x000001eace763000 	C:\Program Files\Java\jdk-12\bin\api-ms-win-core-timezone-l1-1-0.dll
0x000001eacf940000 - 0x000001eacf943000 	C:\Program Files\Java\jdk-12\bin\api-ms-win-core-util-l1-1-0.dll
0x000001eacf950000 - 0x000001eacf953000 	C:\Program Files\Java\jdk-12\bin\api-ms-win-crt-conio-l1-1-0.dll
0x000001eacf960000 - 0x000001eacf964000 	C:\Program Files\Java\jdk-12\bin\api-ms-win-crt-convert-l1-1-0.dll
0x000001ead0b40000 - 0x000001ead0b43000 	C:\Program Files\Java\jdk-12\bin\api-ms-win-crt-environment-l1-1-0.dll
0x000001ead0b50000 - 0x000001ead0b53000 	C:\Program Files\Java\jdk-12\bin\api-ms-win-crt-filesystem-l1-1-0.dll
0x000001ead0b60000 - 0x000001ead0b63000 	C:\Program Files\Java\jdk-12\bin\api-ms-win-crt-heap-l1-1-0.dll

dbghelp: loaded successfully - version: 4.0.5 - missing functions: none
symbol engine: initialized successfully - sym options: 0x614 - pdb path: .;C:\Program Files\Java\jdk-12\bin;C:\WINDOWS\SYSTEM32;C:\WINDOWS\WinSxS\amd64_microsoft.windows.common-controls_6595b64144ccf1df_6.0.19041.1110_none_60b5254171f9507e;C:\Program Files\Java\jdk-12\bin\server;C:\WINDOWS\WinSxS\amd64_microsoft.windows.common-controls_6595b64144ccf1df_5.82.19041.1110_none_792d1c772443f647;C:\WINDOWS\WinSxS\amd64_microsoft.windows.gdiplus_6595b64144ccf1df_1.1.19041.1466_none_91a4907ccc87e3b8;C:\Program Files\BellSoft\LibericaJDK-15-Full\bin;C:\WINDOWS\System32\DriverStore\FileRepository\iigd_dch.inf_amd64_a086f01cc7be643a

VM Arguments:
jvm_args: -Dfile.encoding=UTF-8 
java_command: simrskhanza.SIMRSKhanza
java_class_path (initial): D:\AAZZ\Software\lib\ant-1.7.1.jar;D:\AAZZ\Software\lib\apache-httpcomponents-httpclient.jar;D:\AAZZ\Software\lib\appframework-1.0.3.jar;D:\AAZZ\Software\lib\barbecue-1.5-beta1.jar;D:\AAZZ\Software\lib\batik-dom.jar;D:\AAZZ\Software\lib\groovy-all-2.4.7.jar;D:\AAZZ\Software\lib\bcel-5.2.jar;D:\AAZZ\Software\lib\bcprov-jdk15on-154.jar;D:\AAZZ\Software\lib\poi-4.1.0.jar;D:\AAZZ\Software\lib\beansbinding-1.2.1.jar;D:\AAZZ\Software\lib\bsh-2.0b4.jar;D:\AAZZ\Software\lib\calendar-doc.jar;D:\AAZZ\Software\lib\calendar-src.jar;D:\AAZZ\Software\lib\calendar.jar;D:\AAZZ\Software\lib\com-jaspersoft-ireport.jar;D:\AAZZ\Software\lib\com.fasterxml.jackson.core.jar;D:\AAZZ\Software\lib\comm.jar;D:\AAZZ\Software\lib\common-javaFX-plugin.jar;D:\AAZZ\Software\lib\commons-codec-1.10.jar;D:\AAZZ\Software\lib\commons-javaflow-20060411.jar;D:\AAZZ\Software\lib\commons-logging-1.2.jar;D:\AAZZ\Software\lib\fluent-hc-4.5.1.jar;D:\AAZZ\Software\lib\fontbox-2.0.13.jar;D:\AAZZ\Software\lib\gson-2.2.2.jar;D:\AAZZ\Software\lib\hibernate3.jar;D:\AAZZ\Software\lib\hsqldb-1.8.0-10.jar;D:\AAZZ\Software\lib\httpclient-4.5.1.jar;D:\AAZZ\Software\lib\httpclient-cache-4.5.1.jar;D:\AAZZ\Software\lib\httpclient-win-4.5.1.jar;D:\AAZZ\Software\lib\httpcore-4.4.3.jar;D:\AAZZ\Software\lib\httpmime-4.5.1.jar;D:\AAZZ\Software\lib\iReport.jar;D:\AAZZ\Software\lib\jackson-all-1.9.0.jar;D:\AAZZ\Software\lib\java-json.jar;D:\AAZZ\Software\lib\javaFX-jps-plugin.jar;D:\AAZZ\Software\lib\javaFX.jar;D:\AAZZ\Software\lib\jaxen-1.1.1.jar;D:\AAZZ\Software\lib\jcalendar-1.4.jar;D:\AAZZ\Software\lib\jcommon-1.0.15.jar;D:\AAZZ\Software\lib\jdt-compiler-3.1.1.jar;D:\AAZZ\Software\lib\jfreechart-1.0.12.jar;D:\AAZZ\Software\lib\jl1.0.jar;D:\AAZZ\Software\lib\jna-4.1.0.jar;D:\AAZZ\Software\lib\jna-platform-4.1.0.jar;D:\AAZZ\Software\lib\jpa.jar;D:\AAZZ\Software\lib\junit-4.12.jar;D:\AAZZ\Software\lib\KhanzaSecurity16bit.jar;D:\AAZZ\Software\lib\log4j-1.2.15.jar;D:\AAZZ\Software\lib\mondrian-3.1.1.12
Launcher Type: SUN_STANDARD

[Global flags]
     intx CICompilerCount                          = 4                                         {product} {ergonomic}
     uint ConcGCThreads                            = 2                                         {product} {ergonomic}
     uint G1ConcRefinementThreads                  = 8                                         {product} {ergonomic}
   size_t G1HeapRegionSize                         = 1048576                                   {product} {ergonomic}
    uintx GCDrainStackTargetSize                   = 64                                        {product} {ergonomic}
   size_t InitialHeapSize                          = 268435456                                 {product} {ergonomic}
   size_t MarkStackSize                            = 4194304                                   {product} {ergonomic}
   size_t MaxHeapSize                              = 4265607168                                {product} {ergonomic}
   size_t MaxNewSize                               = 2558525440                                {product} {ergonomic}
   size_t MinHeapDeltaBytes                        = 1048576                                   {product} {ergonomic}
    uintx NonNMethodCodeHeapSize                   = 5836300                                {pd product} {ergonomic}
    uintx NonProfiledCodeHeapSize                  = 122910970                              {pd product} {ergonomic}
    uintx ProfiledCodeHeapSize                     = 122910970                              {pd product} {ergonomic}
    uintx ReservedCodeCacheSize                    = 251658240                              {pd product} {ergonomic}
     bool SegmentedCodeCache                       = true                                      {product} {ergonomic}
     bool UseCompressedClassPointers               = true                                 {lp64_product} {ergonomic}
     bool UseCompressedOops                        = true                                 {lp64_product} {ergonomic}
     bool UseG1GC                                  = true                                      {product} {ergonomic}
     bool UseLargePagesIndividualAllocation        = false                                  {pd product} {ergonomic}

Logging:
Log output configuration:
 #0: stdout all=warning uptime,level,tags
 #1: stderr all=off uptime,level,tags

Environment Variables:
JAVA_HOME=C:\Program Files\BellSoft\LibericaJDK-15-Full\
PATH=C:\Program Files\BellSoft\LibericaJDK-15-Full\bin\;D:\Program Files (x86)\VMware\bin\;C:\Users\ZAKENMV\AppData\Local\Programs\Python\Python310\Scripts\;C:\Users\ZAKENMV\AppData\Local\Programs\Python\Python310\;D:\Program Files\BellSoft\bin\;D:\Program Files (x86)\PHP\;C:\Program Files (x86)\Common Files\Oracle\Java\javapath;C:\WINDOWS\system32;C:\WINDOWS;C:\WINDOWS\System32\Wbem;C:\WINDOWS\System32\WindowsPowerShell\v1.0\;C:\WINDOWS\System32\OpenSSH\;D:\Program Files\Git\cmd;D:\Program Files\PuTTY\;C:\Users\ZAKENMV\AppData\Local\Programs\Python\Python310;C:\composer;C:\ProgramData\chocolatey\bin;C:\Program Files\nodejs\;C:\Users\ZAKENMV\AppData\Local\Microsoft\WindowsApps;D:\Users\ZAKENMV\AppData\Local\Programs\Microsoft VS Code\bin;D:\xampp\php;C:\Users\ZAKENMV\AppData\Roaming\Composer\vendor\bin;C:\Users\ZAKENMV\AppData\Roaming\npm
USERNAME=ZAKENMV
OS=Windows_NT
PROCESSOR_IDENTIFIER=Intel64 Family 6 Model 158 Stepping 9, GenuineIntel



---------------  S Y S T E M  ---------------

OS: Windows 10 , 64 bit Build 19041 (10.0.19041.1466)

CPU:total 8 (initial active 8) (4 cores per cpu, 2 threads per core) family 6 model 158 stepping 9, cmov, cx8, fxsr, mmx, sse, sse2, sse3, ssse3, sse4.1, sse4.2, popcnt, avx, avx2, aes, clmul, erms, 3dnowpref, lzcnt, ht, tsc, tscinvbit, bmi1, bmi2, adx, fma

Memory: 4k page, system-wide physical 16267M (5805M free)
TotalPageFile size 22155M (AvailPageFile size 6672M)
current process WorkingSet (physical memory assigned to process): 360M, peak: 393M
current process commit charge ("private bytes"): 444M, peak: 494M

vm_info: Java HotSpot(TM) 64-Bit Server VM (12+33) for windows-amd64 JRE (12+33), built on Feb 21 2019 02:31:50 by "mach5one" with MS VC++ 15.5 (VS2017)

END.
